<html>
<head>
<title>TestNG:  Test</title>
<link href="../testng.css" rel="stylesheet" type="text/css" />
<link href="../my-testng.css" rel="stylesheet" type="text/css" />

<style type="text/css">
.log { display: none;} 
.stack-trace { display: none;} 
</style>
<script type="text/javascript">
<!--
function flip(e) {
  current = e.style.display;
  if (current == 'block') {
    e.style.display = 'none';
    return 0;
  }
  else {
    e.style.display = 'block';
    return 1;
  }
}

function toggleBox(szDivId, elem, msg1, msg2)
{
  var res = -1;  if (document.getElementById) {
    res = flip(document.getElementById(szDivId));
  }
  else if (document.all) {
    // this is the way old msie versions work
    res = flip(document.all[szDivId]);
  }
  if(elem) {
    if(res == 0) elem.innerHTML = msg1; else elem.innerHTML = msg2;
  }

}

function toggleAllBoxes() {
  if (document.getElementsByTagName) {
    d = document.getElementsByTagName('div');
    for (i = 0; i < d.length; i++) {
      if (d[i].className == 'log') {
        flip(d[i]);
      }
    }
  }
}

// -->
</script>

</head>
<body>
<h2 align='center'>Test</h2><table border='1' align="center">
<tr>
<td>Tests passed/Failed/Skipped:</td><td>25/2/0</td>
</tr><tr>
<td>Started on:</td><td>Tue Jan 09 23:14:19 IST 2024</td>
</tr>
<tr><td>Total time:</td><td>731 seconds (731866 ms)</td>
</tr><tr>
<td>Included groups:</td><td></td>
</tr><tr>
<td>Excluded groups:</td><td></td>
</tr>
</table><p/>
<small><i>(Hover the method name to see the test class name)</i></small><p/>
<table width='100%' border='1' class='invocation-failed'>
<tr><td colspan='4' align='center'><b>FAILED TESTS</b></td></tr>
<tr><td><b>Test method</b></td>
<td width="30%"><b>Exception</b></td>
<td width="10%"><b>Time (seconds)</b></td>
<td><b>Instance</b></td>
</tr>
<tr>
<td title='Testcases.Tc_03_CreateaccountpageTest.ValidateCreatAccountFunctionality()'><b>ValidateCreatAccountFunctionality</b><br>Test class: Testcases.Tc_03_CreateaccountpageTest<br>Parameters: Testing, test, dummytesting23541@gmail.com, Testing@1234567890#, Testing@1234567890#, 8965847854</td>
<td><div><pre>org.openqa.selenium.ElementClickInterceptedException: element click intercepted: Element &lt;span class=&quot;v-p-right-xxs line-clamp&quot;&gt;...&lt;/span&gt; is not clickable at point (1036, 136). Other element would receive the click: &lt;div id=&quot;confirmIt-backdrop&quot; class=&quot;confirmIt modal-backdrop in&quot;&gt;&lt;/div&gt;
  (Session info: chrome=120.0.6099.200)
Build info: version: &apos;4.16.1&apos;, revision: &apos;9b4c83354e&apos;
System info: os.name: &apos;Windows 11&apos;, os.arch: &apos;amd64&apos;, os.version: &apos;10.0&apos;, java.version: &apos;17.0.9&apos;
Driver info: org.openqa.selenium.chrome.ChromeDriver
Command: [7d85d5e8d6858e0c61b2cf101549af3d, clickElement {id=669366619B851B8C3CBA2D359E6618E5_element_60}]
Capabilities {acceptInsecureCerts: false, browserName: chrome, browserVersion: 120.0.6099.200, chrome: {chromedriverVersion: 120.0.6099.109 (3419140ab66..., userDataDir: C:\Users\karth\AppData\Loca...}, fedcm:accounts: true, goog:chromeOptions: {debuggerAddress: localhost:56701}, networkConnectionEnabled: false, pageLoadStrategy: normal, platformName: windows, proxy: Proxy(), se:cdp: ws://localhost:56701/devtoo..., se:cdpVersion: 120.0.6099.200, setWindowRect: true, strictFileInteractability: false, timeouts: {implicit: 0, pageLoad: 300000, script: 30000}, unhandledPromptBehavior: dismiss and notify, webauthn:extension:credBlob: true, webauthn:extension:largeBlob: true, webauthn:extension:minPinLength: true, webauthn:extension:prf: true, webauthn:virtualAuthenticators: true}
Element: [[ChromeDriver: chrome on windows (7d85d5e8d6858e0c61b2cf101549af3d)] -&gt; xpath: //span[text()=&apos;Account&apos;]]
Session ID: 7d85d5e8d6858e0c61b2cf101549af3d
	at org.openqa.selenium.remote.codec.w3c.W3CHttpResponseCodec.createException(W3CHttpResponseCodec.java:200)
	at org.openqa.selenium.remote.codec.w3c.W3CHttpResponseCodec.decode(W3CHttpResponseCodec.java:133)
	at org.openqa.selenium.remote.codec.w3c.W3CHttpResponseCodec.decode(W3CHttpResponseCodec.java:52)
	at org.openqa.selenium.remote.HttpCommandExecutor.execute(HttpCommandExecutor.java:191)
	at org.openqa.selenium.remote.service.DriverCommandExecutor.invokeExecute(DriverCommandExecutor.java:200)
	at org.openqa.selenium.remote.service.DriverCommandExecutor.execute(DriverCommandExecutor.java:175)
	at org.openqa.selenium.remote.RemoteWebDriver.execute(RemoteWebDriver.java:523)
	at org.openqa.selenium.remote.RemoteWebElement.execute(RemoteWebElement.java:224)
	at org.openqa.selenium.remote.RemoteWebElement.click(RemoteWebElement.java:77)
	at org.openqa.selenium.support.pagefactory.internal.LocatingElementHandler.invoke(LocatingElementHandler.java:51)
	at jdk.proxy2/jdk.proxy2.$Proxy15.click(Unknown Source)
	at Pageobject.Homepage.goToCreatAccount(Homepage.java:98)
	at Testcases.Tc_03_CreateaccountpageTest.ValidateCreatAccountFunctionality(Tc_03_CreateaccountpageTest.java:24)
	at java.base/java.util.ArrayList.forEach(ArrayList.java:1511)
... Removed 35 stack frames</pre></div><a href='#' onClick='toggleBox("stack-trace1468031814", this, "Click to show all stack frames", "Click to hide stack frames")'>Click to show all stack frames</a>
<div class='stack-trace' id='stack-trace1468031814'><pre>org.openqa.selenium.ElementClickInterceptedException: element click intercepted: Element &lt;span class=&quot;v-p-right-xxs line-clamp&quot;&gt;...&lt;/span&gt; is not clickable at point (1036, 136). Other element would receive the click: &lt;div id=&quot;confirmIt-backdrop&quot; class=&quot;confirmIt modal-backdrop in&quot;&gt;&lt;/div&gt;
  (Session info: chrome=120.0.6099.200)
Build info: version: &apos;4.16.1&apos;, revision: &apos;9b4c83354e&apos;
System info: os.name: &apos;Windows 11&apos;, os.arch: &apos;amd64&apos;, os.version: &apos;10.0&apos;, java.version: &apos;17.0.9&apos;
Driver info: org.openqa.selenium.chrome.ChromeDriver
Command: [7d85d5e8d6858e0c61b2cf101549af3d, clickElement {id=669366619B851B8C3CBA2D359E6618E5_element_60}]
Capabilities {acceptInsecureCerts: false, browserName: chrome, browserVersion: 120.0.6099.200, chrome: {chromedriverVersion: 120.0.6099.109 (3419140ab66..., userDataDir: C:\Users\karth\AppData\Loca...}, fedcm:accounts: true, goog:chromeOptions: {debuggerAddress: localhost:56701}, networkConnectionEnabled: false, pageLoadStrategy: normal, platformName: windows, proxy: Proxy(), se:cdp: ws://localhost:56701/devtoo..., se:cdpVersion: 120.0.6099.200, setWindowRect: true, strictFileInteractability: false, timeouts: {implicit: 0, pageLoad: 300000, script: 30000}, unhandledPromptBehavior: dismiss and notify, webauthn:extension:credBlob: true, webauthn:extension:largeBlob: true, webauthn:extension:minPinLength: true, webauthn:extension:prf: true, webauthn:virtualAuthenticators: true}
Element: [[ChromeDriver: chrome on windows (7d85d5e8d6858e0c61b2cf101549af3d)] -&gt; xpath: //span[text()=&apos;Account&apos;]]
Session ID: 7d85d5e8d6858e0c61b2cf101549af3d
	at java.base/jdk.internal.reflect.NativeConstructorAccessorImpl.newInstance0(Native Method)
	at java.base/jdk.internal.reflect.NativeConstructorAccessorImpl.newInstance(NativeConstructorAccessorImpl.java:77)
	at java.base/jdk.internal.reflect.DelegatingConstructorAccessorImpl.newInstance(DelegatingConstructorAccessorImpl.java:45)
	at java.base/java.lang.reflect.Constructor.newInstanceWithCaller(Constructor.java:499)
	at java.base/java.lang.reflect.Constructor.newInstance(Constructor.java:480)
	at org.openqa.selenium.remote.codec.w3c.W3CHttpResponseCodec.createException(W3CHttpResponseCodec.java:200)
	at org.openqa.selenium.remote.codec.w3c.W3CHttpResponseCodec.decode(W3CHttpResponseCodec.java:133)
	at org.openqa.selenium.remote.codec.w3c.W3CHttpResponseCodec.decode(W3CHttpResponseCodec.java:52)
	at org.openqa.selenium.remote.HttpCommandExecutor.execute(HttpCommandExecutor.java:191)
	at org.openqa.selenium.remote.service.DriverCommandExecutor.invokeExecute(DriverCommandExecutor.java:200)
	at org.openqa.selenium.remote.service.DriverCommandExecutor.execute(DriverCommandExecutor.java:175)
	at org.openqa.selenium.remote.RemoteWebDriver.execute(RemoteWebDriver.java:523)
	at org.openqa.selenium.remote.RemoteWebElement.execute(RemoteWebElement.java:224)
	at org.openqa.selenium.remote.RemoteWebElement.click(RemoteWebElement.java:77)
	at jdk.internal.reflect.GeneratedMethodAccessor1.invoke(Unknown Source)
	at java.base/jdk.internal.reflect.DelegatingMethodAccessorImpl.invoke(DelegatingMethodAccessorImpl.java:43)
	at java.base/java.lang.reflect.Method.invoke(Method.java:568)
	at org.openqa.selenium.support.pagefactory.internal.LocatingElementHandler.invoke(LocatingElementHandler.java:51)
	at jdk.proxy2/jdk.proxy2.$Proxy15.click(Unknown Source)
	at Pageobject.Homepage.goToCreatAccount(Homepage.java:98)
	at Testcases.Tc_03_CreateaccountpageTest.ValidateCreatAccountFunctionality(Tc_03_CreateaccountpageTest.java:24)
	at java.base/jdk.internal.reflect.NativeMethodAccessorImpl.invoke0(Native Method)
	at java.base/jdk.internal.reflect.NativeMethodAccessorImpl.invoke(NativeMethodAccessorImpl.java:77)
	at java.base/jdk.internal.reflect.DelegatingMethodAccessorImpl.invoke(DelegatingMethodAccessorImpl.java:43)
	at java.base/java.lang.reflect.Method.invoke(Method.java:568)
	at org.testng.internal.MethodInvocationHelper.invokeMethod(MethodInvocationHelper.java:133)
	at org.testng.internal.TestInvoker.invokeMethod(TestInvoker.java:598)
	at org.testng.internal.TestInvoker.invokeTestMethod(TestInvoker.java:173)
	at org.testng.internal.MethodRunner.runInSequence(MethodRunner.java:46)
	at org.testng.internal.TestInvoker$MethodInvocationAgent.invoke(TestInvoker.java:824)
	at org.testng.internal.TestInvoker.invokeTestMethods(TestInvoker.java:146)
	at org.testng.internal.TestMethodWorker.invokeTestMethods(TestMethodWorker.java:146)
	at org.testng.internal.TestMethodWorker.run(TestMethodWorker.java:128)
	at java.base/java.util.ArrayList.forEach(ArrayList.java:1511)
	at org.testng.TestRunner.privateRun(TestRunner.java:794)
	at org.testng.TestRunner.run(TestRunner.java:596)
	at org.testng.SuiteRunner.runTest(SuiteRunner.java:377)
	at org.testng.SuiteRunner.runSequentially(SuiteRunner.java:371)
	at org.testng.SuiteRunner.privateRun(SuiteRunner.java:332)
	at org.testng.SuiteRunner.run(SuiteRunner.java:276)
	at org.testng.SuiteRunnerWorker.runSuite(SuiteRunnerWorker.java:53)
	at org.testng.SuiteRunnerWorker.run(SuiteRunnerWorker.java:96)
	at org.testng.TestNG.runSuitesSequentially(TestNG.java:1212)
	at org.testng.TestNG.runSuitesLocally(TestNG.java:1134)
	at org.testng.TestNG.runSuites(TestNG.java:1063)
	at org.testng.TestNG.run(TestNG.java:1031)
	at org.testng.remote.AbstractRemoteTestNG.run(AbstractRemoteTestNG.java:115)
	at org.testng.remote.RemoteTestNG.initAndRun(RemoteTestNG.java:251)
	at org.testng.remote.RemoteTestNG.main(RemoteTestNG.java:77)
</pre></div></td>
<td>20</td>
<td>Testcases.Tc_03_CreateaccountpageTest@18078bef</td></tr>
<tr>
<td title='Testcases.Tc_09_Checkout_fillingpage.CheckOutPageFillingas_using_guest()'><b>CheckOutPageFillingas_using_guest</b><br>Test class: Testcases.Tc_09_Checkout_fillingpage</td>
<td><div><pre>org.openqa.selenium.ElementClickInterceptedException: element click intercepted: Element &lt;button class=&quot;c-button c-button-primary c-button-sm c-button-block c-button-icon c-button-icon-leading add-to-cart-button&quot; type=&quot;button&quot; data-sku-id=&quot;6440537&quot; data-button-state=&quot;ADD_TO_CART&quot; style=&quot;padding:0 8px&quot;&gt;...&lt;/button&gt; is not clickable at point (1322, 580). Other element would receive the click: &lt;button class=&quot;c-button-unstyled blue-assist-minimized-slideout-banner&quot; type=&quot;button&quot;&gt;...&lt;/button&gt;
  (Session info: chrome=120.0.6099.200)
Build info: version: &apos;4.16.1&apos;, revision: &apos;9b4c83354e&apos;
System info: os.name: &apos;Windows 11&apos;, os.arch: &apos;amd64&apos;, os.version: &apos;10.0&apos;, java.version: &apos;17.0.9&apos;
Driver info: org.openqa.selenium.chrome.ChromeDriver
Command: [31a698fa3a1c0c7187d9964e5c5ce08f, clickElement {id=9BF277F0B8AF2D245022F134D556D480_element_98}]
Capabilities {acceptInsecureCerts: false, browserName: chrome, browserVersion: 120.0.6099.200, chrome: {chromedriverVersion: 120.0.6099.109 (3419140ab66..., userDataDir: C:\Users\karth\AppData\Loca...}, fedcm:accounts: true, goog:chromeOptions: {debuggerAddress: localhost:62909}, networkConnectionEnabled: false, pageLoadStrategy: normal, platformName: windows, proxy: Proxy(), se:cdp: ws://localhost:62909/devtoo..., se:cdpVersion: 120.0.6099.200, setWindowRect: true, strictFileInteractability: false, timeouts: {implicit: 0, pageLoad: 300000, script: 30000}, unhandledPromptBehavior: dismiss and notify, webauthn:extension:credBlob: true, webauthn:extension:largeBlob: true, webauthn:extension:minPinLength: true, webauthn:extension:prf: true, webauthn:virtualAuthenticators: true}
Element: [[ChromeDriver: chrome on windows (31a698fa3a1c0c7187d9964e5c5ce08f)] -&gt; xpath: (//button[contains(@type,&apos;button&apos;)][normalize-space()=&apos;Add to Cart&apos;])[3]]
Session ID: 31a698fa3a1c0c7187d9964e5c5ce08f
	at org.openqa.selenium.remote.codec.w3c.W3CHttpResponseCodec.createException(W3CHttpResponseCodec.java:200)
	at org.openqa.selenium.remote.codec.w3c.W3CHttpResponseCodec.decode(W3CHttpResponseCodec.java:133)
	at org.openqa.selenium.remote.codec.w3c.W3CHttpResponseCodec.decode(W3CHttpResponseCodec.java:52)
	at org.openqa.selenium.remote.HttpCommandExecutor.execute(HttpCommandExecutor.java:191)
	at org.openqa.selenium.remote.service.DriverCommandExecutor.invokeExecute(DriverCommandExecutor.java:200)
	at org.openqa.selenium.remote.service.DriverCommandExecutor.execute(DriverCommandExecutor.java:175)
	at org.openqa.selenium.remote.RemoteWebDriver.execute(RemoteWebDriver.java:523)
	at org.openqa.selenium.remote.RemoteWebElement.execute(RemoteWebElement.java:224)
	at org.openqa.selenium.remote.RemoteWebElement.click(RemoteWebElement.java:77)
	at org.openqa.selenium.support.pagefactory.internal.LocatingElementHandler.invoke(LocatingElementHandler.java:51)
	at jdk.proxy2/jdk.proxy2.$Proxy15.click(Unknown Source)
	at Pageobject.Productpage.addLogitechMouse(Productpage.java:59)
	at Testcases.Tc_09_Checkout_fillingpage.CheckOutPageFillingas_using_guest(Tc_09_Checkout_fillingpage.java:23)
	at java.base/java.util.ArrayList.forEach(ArrayList.java:1511)
... Removed 35 stack frames</pre></div><a href='#' onClick='toggleBox("stack-trace10536382", this, "Click to show all stack frames", "Click to hide stack frames")'>Click to show all stack frames</a>
<div class='stack-trace' id='stack-trace10536382'><pre>org.openqa.selenium.ElementClickInterceptedException: element click intercepted: Element &lt;button class=&quot;c-button c-button-primary c-button-sm c-button-block c-button-icon c-button-icon-leading add-to-cart-button&quot; type=&quot;button&quot; data-sku-id=&quot;6440537&quot; data-button-state=&quot;ADD_TO_CART&quot; style=&quot;padding:0 8px&quot;&gt;...&lt;/button&gt; is not clickable at point (1322, 580). Other element would receive the click: &lt;button class=&quot;c-button-unstyled blue-assist-minimized-slideout-banner&quot; type=&quot;button&quot;&gt;...&lt;/button&gt;
  (Session info: chrome=120.0.6099.200)
Build info: version: &apos;4.16.1&apos;, revision: &apos;9b4c83354e&apos;
System info: os.name: &apos;Windows 11&apos;, os.arch: &apos;amd64&apos;, os.version: &apos;10.0&apos;, java.version: &apos;17.0.9&apos;
Driver info: org.openqa.selenium.chrome.ChromeDriver
Command: [31a698fa3a1c0c7187d9964e5c5ce08f, clickElement {id=9BF277F0B8AF2D245022F134D556D480_element_98}]
Capabilities {acceptInsecureCerts: false, browserName: chrome, browserVersion: 120.0.6099.200, chrome: {chromedriverVersion: 120.0.6099.109 (3419140ab66..., userDataDir: C:\Users\karth\AppData\Loca...}, fedcm:accounts: true, goog:chromeOptions: {debuggerAddress: localhost:62909}, networkConnectionEnabled: false, pageLoadStrategy: normal, platformName: windows, proxy: Proxy(), se:cdp: ws://localhost:62909/devtoo..., se:cdpVersion: 120.0.6099.200, setWindowRect: true, strictFileInteractability: false, timeouts: {implicit: 0, pageLoad: 300000, script: 30000}, unhandledPromptBehavior: dismiss and notify, webauthn:extension:credBlob: true, webauthn:extension:largeBlob: true, webauthn:extension:minPinLength: true, webauthn:extension:prf: true, webauthn:virtualAuthenticators: true}
Element: [[ChromeDriver: chrome on windows (31a698fa3a1c0c7187d9964e5c5ce08f)] -&gt; xpath: (//button[contains(@type,&apos;button&apos;)][normalize-space()=&apos;Add to Cart&apos;])[3]]
Session ID: 31a698fa3a1c0c7187d9964e5c5ce08f
	at java.base/jdk.internal.reflect.NativeConstructorAccessorImpl.newInstance0(Native Method)
	at java.base/jdk.internal.reflect.NativeConstructorAccessorImpl.newInstance(NativeConstructorAccessorImpl.java:77)
	at java.base/jdk.internal.reflect.DelegatingConstructorAccessorImpl.newInstance(DelegatingConstructorAccessorImpl.java:45)
	at java.base/java.lang.reflect.Constructor.newInstanceWithCaller(Constructor.java:499)
	at java.base/java.lang.reflect.Constructor.newInstance(Constructor.java:480)
	at org.openqa.selenium.remote.codec.w3c.W3CHttpResponseCodec.createException(W3CHttpResponseCodec.java:200)
	at org.openqa.selenium.remote.codec.w3c.W3CHttpResponseCodec.decode(W3CHttpResponseCodec.java:133)
	at org.openqa.selenium.remote.codec.w3c.W3CHttpResponseCodec.decode(W3CHttpResponseCodec.java:52)
	at org.openqa.selenium.remote.HttpCommandExecutor.execute(HttpCommandExecutor.java:191)
	at org.openqa.selenium.remote.service.DriverCommandExecutor.invokeExecute(DriverCommandExecutor.java:200)
	at org.openqa.selenium.remote.service.DriverCommandExecutor.execute(DriverCommandExecutor.java:175)
	at org.openqa.selenium.remote.RemoteWebDriver.execute(RemoteWebDriver.java:523)
	at org.openqa.selenium.remote.RemoteWebElement.execute(RemoteWebElement.java:224)
	at org.openqa.selenium.remote.RemoteWebElement.click(RemoteWebElement.java:77)
	at jdk.internal.reflect.GeneratedMethodAccessor1.invoke(Unknown Source)
	at java.base/jdk.internal.reflect.DelegatingMethodAccessorImpl.invoke(DelegatingMethodAccessorImpl.java:43)
	at java.base/java.lang.reflect.Method.invoke(Method.java:568)
	at org.openqa.selenium.support.pagefactory.internal.LocatingElementHandler.invoke(LocatingElementHandler.java:51)
	at jdk.proxy2/jdk.proxy2.$Proxy15.click(Unknown Source)
	at Pageobject.Productpage.addLogitechMouse(Productpage.java:59)
	at Testcases.Tc_09_Checkout_fillingpage.CheckOutPageFillingas_using_guest(Tc_09_Checkout_fillingpage.java:23)
	at java.base/jdk.internal.reflect.NativeMethodAccessorImpl.invoke0(Native Method)
	at java.base/jdk.internal.reflect.NativeMethodAccessorImpl.invoke(NativeMethodAccessorImpl.java:77)
	at java.base/jdk.internal.reflect.DelegatingMethodAccessorImpl.invoke(DelegatingMethodAccessorImpl.java:43)
	at java.base/java.lang.reflect.Method.invoke(Method.java:568)
	at org.testng.internal.MethodInvocationHelper.invokeMethod(MethodInvocationHelper.java:133)
	at org.testng.internal.TestInvoker.invokeMethod(TestInvoker.java:598)
	at org.testng.internal.TestInvoker.invokeTestMethod(TestInvoker.java:173)
	at org.testng.internal.MethodRunner.runInSequence(MethodRunner.java:46)
	at org.testng.internal.TestInvoker$MethodInvocationAgent.invoke(TestInvoker.java:824)
	at org.testng.internal.TestInvoker.invokeTestMethods(TestInvoker.java:146)
	at org.testng.internal.TestMethodWorker.invokeTestMethods(TestMethodWorker.java:146)
	at org.testng.internal.TestMethodWorker.run(TestMethodWorker.java:128)
	at java.base/java.util.ArrayList.forEach(ArrayList.java:1511)
	at org.testng.TestRunner.privateRun(TestRunner.java:794)
	at org.testng.TestRunner.run(TestRunner.java:596)
	at org.testng.SuiteRunner.runTest(SuiteRunner.java:377)
	at org.testng.SuiteRunner.runSequentially(SuiteRunner.java:371)
	at org.testng.SuiteRunner.privateRun(SuiteRunner.java:332)
	at org.testng.SuiteRunner.run(SuiteRunner.java:276)
	at org.testng.SuiteRunnerWorker.runSuite(SuiteRunnerWorker.java:53)
	at org.testng.SuiteRunnerWorker.run(SuiteRunnerWorker.java:96)
	at org.testng.TestNG.runSuitesSequentially(TestNG.java:1212)
	at org.testng.TestNG.runSuitesLocally(TestNG.java:1134)
	at org.testng.TestNG.runSuites(TestNG.java:1063)
	at org.testng.TestNG.run(TestNG.java:1031)
	at org.testng.remote.AbstractRemoteTestNG.run(AbstractRemoteTestNG.java:115)
	at org.testng.remote.RemoteTestNG.initAndRun(RemoteTestNG.java:251)
	at org.testng.remote.RemoteTestNG.main(RemoteTestNG.java:77)
</pre></div></td>
<td>40</td>
<td>Testcases.Tc_09_Checkout_fillingpage@38d8f54a</td></tr>
</table><p>
<table width='100%' border='1' class='invocation-passed'>
<tr><td colspan='4' align='center'><b>PASSED TESTS</b></td></tr>
<tr><td><b>Test method</b></td>
<td width="30%"><b>Exception</b></td>
<td width="10%"><b>Time (seconds)</b></td>
<td><b>Instance</b></td>
</tr>
<tr>
<td title='Testcases.Tc_07_Menu_shop_by_Dept.SelAddItemShopByDeptMenu()'><b>SelAddItemShopByDeptMenu</b><br>Test class: Testcases.Tc_07_Menu_shop_by_Dept</td>
<td></td>
<td>68</td>
<td>Testcases.Tc_07_Menu_shop_by_Dept@3349e9bb</td></tr>
<tr>
<td title='Testcases.Tc_05_Homepage.CheckTitleOfAllMenu()'><b>CheckTitleOfAllMenu</b><br>Test class: Testcases.Tc_05_Homepage<br>Parameters: Top Deals, Top Deals and Featured Offers on Electronics - Best Buy</td>
<td></td>
<td>17</td>
<td>Testcases.Tc_05_Homepage@49e53c76</td></tr>
<tr>
<td title='Testcases.Tc_05_Homepage.CheckTitleOfAllMenu()'><b>CheckTitleOfAllMenu</b><br>Test class: Testcases.Tc_05_Homepage<br>Parameters: Best Buy Outlet, Best Buy Outlet: Clearance Electronics Outlet Store â€“ Best Buy</td>
<td></td>
<td>15</td>
<td>Testcases.Tc_05_Homepage@49e53c76</td></tr>
<tr>
<td title='Testcases.Tc_03_CreateaccountpageTest.ValidateCreatAccountFunctionality()'><b>ValidateCreatAccountFunctionality</b><br>Test class: Testcases.Tc_03_CreateaccountpageTest<br>Parameters: Testing, test, dummytesting23541@gmail.com, Testing@1234567890#, Testing@1234567890#, `</td>
<td></td>
<td>19</td>
<td>Testcases.Tc_03_CreateaccountpageTest@18078bef</td></tr>
<tr>
<td title='Testcases.Tc_03_CreateaccountpageTest.ValidateCreatAccountFunctionality()'><b>ValidateCreatAccountFunctionality</b><br>Test class: Testcases.Tc_03_CreateaccountpageTest<br>Parameters: Testing, test, dummytesting23541.com, Testing@1234567890#, Testing@1234567890#, 8965847854</td>
<td></td>
<td>22</td>
<td>Testcases.Tc_03_CreateaccountpageTest@18078bef</td></tr>
<tr>
<td title='Testcases.Tc_05_Homepage.CheckTitleOfAllMenu()'><b>CheckTitleOfAllMenu</b><br>Test class: Testcases.Tc_05_Homepage<br>Parameters: Gift Cards, Gifts Cards and E-Gift Cards - Best Buy</td>
<td></td>
<td>13</td>
<td>Testcases.Tc_05_Homepage@49e53c76</td></tr>
<tr>
<td title='Testcases.Tc_05_Homepage.CheckTitleOfAllMenu()'><b>CheckTitleOfAllMenu</b><br>Test class: Testcases.Tc_05_Homepage<br>Parameters: Credit Cards, Best Buy Credit Card: Rewards & Financing</td>
<td></td>
<td>12</td>
<td>Testcases.Tc_05_Homepage@49e53c76</td></tr>
<tr>
<td title='Testcases.Tc_03_CreateaccountpageTest.ValidateCreatAccountFunctionality()'><b>ValidateCreatAccountFunctionality</b><br>Test class: Testcases.Tc_03_CreateaccountpageTest<br>Parameters: Testing, `, dummytesting23541@gmail.com, Testing@1234567890#, Testing@1234567890#, 8965847854</td>
<td></td>
<td>23</td>
<td>Testcases.Tc_03_CreateaccountpageTest@18078bef</td></tr>
<tr>
<td title='Testcases.Tc_03_CreateaccountpageTest.ValidateCreatAccountFunctionality()'><b>ValidateCreatAccountFunctionality</b><br>Test class: Testcases.Tc_03_CreateaccountpageTest<br>Parameters: Testing, test, dummytesting23541@gmail.com, Testing@1234567890#, `, 8965847854</td>
<td></td>
<td>21</td>
<td>Testcases.Tc_03_CreateaccountpageTest@18078bef</td></tr>
<tr>
<td title='Testcases.Tc_03_CreateaccountpageTest.ValidateCreatAccountFunctionality()'><b>ValidateCreatAccountFunctionality</b><br>Test class: Testcases.Tc_03_CreateaccountpageTest<br>Parameters: Testing, test, dummytesting23541@gmail.com, `, Testing@1234567890#, 8965847854</td>
<td></td>
<td>26</td>
<td>Testcases.Tc_03_CreateaccountpageTest@18078bef</td></tr>
<tr>
<td title='Testcases.Tc_05_Homepage.CheckTitleOfAllMenu()'><b>CheckTitleOfAllMenu</b><br>Test class: Testcases.Tc_05_Homepage<br>Parameters: Yardbird, Beautiful Outdoor Living For All</td>
<td></td>
<td>13</td>
<td>Testcases.Tc_05_Homepage@49e53c76</td></tr>
<tr>
<td title='Testcases.Tc_04_Siginpage.SignIn()'><b>SignIn</b><br>Test class: Testcases.Tc_04_Siginpage<br>Parameters: dummytesting23541@gmail.com, `</td>
<td></td>
<td>17</td>
<td>Testcases.Tc_04_Siginpage@7d8995e</td></tr>
<tr>
<td title='Testcases.Tc_04_Siginpage.SignIn()'><b>SignIn</b><br>Test class: Testcases.Tc_04_Siginpage<br>Parameters: dummytesting@gmail.com, Testing</td>
<td></td>
<td>24</td>
<td>Testcases.Tc_04_Siginpage@7d8995e</td></tr>
<tr>
<td title='Testcases.Tc_06_Search_additem.SearchAddItemInCart()'><b>SearchAddItemInCart</b><br>Test class: Testcases.Tc_06_Search_additem</td>
<td></td>
<td>41</td>
<td>Testcases.Tc_06_Search_additem@351d00c0</td></tr>
<tr>
<td title='Testcases.Tc_05_Homepage.CheckTitleOfAllMenu()'><b>CheckTitleOfAllMenu</b><br>Test class: Testcases.Tc_05_Homepage<br>Parameters: My Best Buy Memberships, My Best Buy Memberships</td>
<td></td>
<td>11</td>
<td>Testcases.Tc_05_Homepage@49e53c76</td></tr>
<tr>
<td title='Testcases.Tc_05_Homepage.CheckTitleOfAllMenu()'><b>CheckTitleOfAllMenu</b><br>Test class: Testcases.Tc_05_Homepage<br>Parameters: Best Buy Business, Best Buy for Business - Best Buy</td>
<td></td>
<td>12</td>
<td>Testcases.Tc_05_Homepage@49e53c76</td></tr>
<tr>
<td title='Testcases.Tc_02_Verify_LinkBroken.ValidateUrlIsNotBroken()'><b>ValidateUrlIsNotBroken</b><br>Test class: Testcases.Tc_02_Verify_LinkBroken</td>
<td></td>
<td>20</td>
<td>Testcases.Tc_02_Verify_LinkBroken@409bf450</td></tr>
<tr>
<td title='Testcases.Tc_05_Homepage.CheckTitleOfAllMenu()'><b>CheckTitleOfAllMenu</b><br>Test class: Testcases.Tc_05_Homepage<br>Parameters: Deal of the Day, Deal of the Day: Electronics Deals - Best Buy</td>
<td></td>
<td>14</td>
<td>Testcases.Tc_05_Homepage@49e53c76</td></tr>
<tr>
<td title='Testcases.Tc_04_Siginpage.SignIn()'><b>SignIn</b><br>Test class: Testcases.Tc_04_Siginpage<br>Parameters: dummytesting23541@gmail.com, Testing@1234567890#</td>
<td></td>
<td>15</td>
<td>Testcases.Tc_04_Siginpage@7d8995e</td></tr>
<tr>
<td title='Testcases.Tc_05_Homepage.validate_BottomLink_HomePage()'><b>validate_BottomLink_HomePage</b><br>Test class: Testcases.Tc_05_Homepage</td>
<td></td>
<td>10</td>
<td>Testcases.Tc_05_Homepage@49e53c76</td></tr>
<tr>
<td title='Testcases.Tc_08_Menu_Brand_Select.AddItemShopByBrandMenu()'><b>AddItemShopByBrandMenu</b><br>Test class: Testcases.Tc_08_Menu_Brand_Select</td>
<td></td>
<td>68</td>
<td>Testcases.Tc_08_Menu_Brand_Select@689604d9</td></tr>
<tr>
<td title='Testcases.Tc_04_Siginpage.SignIn()'><b>SignIn</b><br>Test class: Testcases.Tc_04_Siginpage<br>Parameters: `, Testing@1234567890#</td>
<td></td>
<td>16</td>
<td>Testcases.Tc_04_Siginpage@7d8995e</td></tr>
<tr>
<td title='Testcases.Tc_03_CreateaccountpageTest.ValidateCreatAccountFunctionality()'><b>ValidateCreatAccountFunctionality</b><br>Test class: Testcases.Tc_03_CreateaccountpageTest<br>Parameters: `, test, dummytesting23541@gmail.com, Testing@1234567890#, Testing@1234567890#, 8965847854</td>
<td></td>
<td>32</td>
<td>Testcases.Tc_03_CreateaccountpageTest@18078bef</td></tr>
<tr>
<td title='Testcases.Tc_01_Navigatetowebpage.NavigatingToBestBestApp()'><b>NavigatingToBestBestApp</b><br>Test class: Testcases.Tc_01_Navigatetowebpage</td>
<td></td>
<td>10</td>
<td>Testcases.Tc_01_Navigatetowebpage@35d019a3</td></tr>
<tr>
<td title='Testcases.Tc_05_Homepage.CheckTitleOfAllMenu()'><b>CheckTitleOfAllMenu</b><br>Test class: Testcases.Tc_05_Homepage<br>Parameters: Gift Ideas, Gift Ideas 2023: Best Gifts to Give This Year - Best Buy</td>
<td></td>
<td>22</td>
<td>Testcases.Tc_05_Homepage@49e53c76</td></tr>
</table><p>
</body>
</html>