<html>
<head>
<title>TestNG:  Test</title>
<link href="../testng.css" rel="stylesheet" type="text/css" />
<link href="../my-testng.css" rel="stylesheet" type="text/css" />

<style type="text/css">
.log { display: none;} 
.stack-trace { display: none;} 
</style>
<script type="text/javascript">
<!--
function flip(e) {
  current = e.style.display;
  if (current == 'block') {
    e.style.display = 'none';
    return 0;
  }
  else {
    e.style.display = 'block';
    return 1;
  }
}

function toggleBox(szDivId, elem, msg1, msg2)
{
  var res = -1;  if (document.getElementById) {
    res = flip(document.getElementById(szDivId));
  }
  else if (document.all) {
    // this is the way old msie versions work
    res = flip(document.all[szDivId]);
  }
  if(elem) {
    if(res == 0) elem.innerHTML = msg1; else elem.innerHTML = msg2;
  }

}

function toggleAllBoxes() {
  if (document.getElementsByTagName) {
    d = document.getElementsByTagName('div');
    for (i = 0; i < d.length; i++) {
      if (d[i].className == 'log') {
        flip(d[i]);
      }
    }
  }
}

// -->
</script>

</head>
<body>
<h2 align='center'>Test</h2><table border='1' align="center">
<tr>
<td>Tests passed/Failed/Skipped:</td><td>26/1/0</td>
</tr><tr>
<td>Started on:</td><td>Wed Jan 10 00:52:18 IST 2024</td>
</tr>
<tr><td>Total time:</td><td>520 seconds (520224 ms)</td>
</tr><tr>
<td>Included groups:</td><td></td>
</tr><tr>
<td>Excluded groups:</td><td></td>
</tr>
</table><p/>
<small><i>(Hover the method name to see the test class name)</i></small><p/>
<table width='100%' border='1' class='invocation-failed'>
<tr><td colspan='4' align='center'><b>FAILED TESTS</b></td></tr>
<tr><td><b>Test method</b></td>
<td><b>Attribute(s)</b></td>
<td width="30%"><b>Exception</b></td>
<td width="10%"><b>Time (seconds)</b></td>
<td><b>Instance</b></td>
</tr>
<tr>
<td title='Testcases.Tc_08_Menu_Brand_Select.AddItemShopByBrandMenu()'><b>AddItemShopByBrandMenu</b><br>Test class: Testcases.Tc_08_Menu_Brand_Select</td>
<td><div><pre>org.openqa.selenium.ElementClickInterceptedException: element click intercepted: Element &lt;button class=&quot;c-button-unstyled hamburger-menu-button&quot; type=&quot;button&quot; aria-controls=&quot;flyout-container&quot; aria-expanded=&quot;false&quot; aria-label=&quot;Menu&quot; data-t=&quot;hamburger-navigation-button&quot;&gt;...&lt;/button&gt; is not clickable at point (198, 77). Other element would receive the click: &lt;div id=&quot;confirmIt-backdrop&quot; class=&quot;confirmIt modal-backdrop in&quot;&gt;&lt;/div&gt;
  (Session info: chrome=120.0.6099.200)
Build info: version: &apos;4.16.1&apos;, revision: &apos;9b4c83354e&apos;
System info: os.name: &apos;Windows 11&apos;, os.arch: &apos;amd64&apos;, os.version: &apos;10.0&apos;, java.version: &apos;17.0.9&apos;
Driver info: org.openqa.selenium.chrome.ChromeDriver
Command: [26e07c0f3a459e6ccd1d28e9dfbdf3bc, clickElement {id=DEB64769C922F9CD132A1C71387D2541_element_60}]
Capabilities {acceptInsecureCerts: false, browserName: chrome, browserVersion: 120.0.6099.200, chrome: {chromedriverVersion: 120.0.6099.109 (3419140ab66..., userDataDir: C:\Users\karth\AppData\Loca...}, fedcm:accounts: true, goog:chromeOptions: {debuggerAddress: localhost:62489}, networkConnectionEnabled: false, pageLoadStrategy: normal, platformName: windows, proxy: Proxy(), se:cdp: ws://localhost:62489/devtoo..., se:cdpVersion: 120.0.6099.200, setWindowRect: true, strictFileInteractability: false, timeouts: {implicit: 0, pageLoad: 300000, script: 30000}, unhandledPromptBehavior: dismiss and notify, webauthn:extension:credBlob: true, webauthn:extension:largeBlob: true, webauthn:extension:minPinLength: true, webauthn:extension:prf: true, webauthn:virtualAuthenticators: true}
Element: [[ChromeDriver: chrome on windows (26e07c0f3a459e6ccd1d28e9dfbdf3bc)] -&gt; xpath: //button[@aria-label=&apos;Menu&apos;]]
Session ID: 26e07c0f3a459e6ccd1d28e9dfbdf3bc
	at org.openqa.selenium.remote.codec.w3c.W3CHttpResponseCodec.createException(W3CHttpResponseCodec.java:200)
	at org.openqa.selenium.remote.codec.w3c.W3CHttpResponseCodec.decode(W3CHttpResponseCodec.java:133)
	at org.openqa.selenium.remote.codec.w3c.W3CHttpResponseCodec.decode(W3CHttpResponseCodec.java:52)
	at org.openqa.selenium.remote.HttpCommandExecutor.execute(HttpCommandExecutor.java:191)
	at org.openqa.selenium.remote.service.DriverCommandExecutor.invokeExecute(DriverCommandExecutor.java:200)
	at org.openqa.selenium.remote.service.DriverCommandExecutor.execute(DriverCommandExecutor.java:175)
	at org.openqa.selenium.remote.RemoteWebDriver.execute(RemoteWebDriver.java:523)
	at org.openqa.selenium.remote.RemoteWebElement.execute(RemoteWebElement.java:224)
	at org.openqa.selenium.remote.RemoteWebElement.click(RemoteWebElement.java:77)
	at org.openqa.selenium.support.pagefactory.internal.LocatingElementHandler.invoke(LocatingElementHandler.java:51)
	at jdk.proxy2/jdk.proxy2.$Proxy13.click(Unknown Source)
	at Pageobject.Homepage.selectLGBrand(Homepage.java:135)
	at Testcases.Tc_08_Menu_Brand_Select.AddItemShopByBrandMenu(Tc_08_Menu_Brand_Select.java:19)
	at java.base/java.util.ArrayList.forEach(ArrayList.java:1511)
... Removed 39 stack frames</pre></div><a href='#' onClick='toggleBox("stack-trace1205343271", this, "Click to show all stack frames", "Click to hide stack frames")'>Click to show all stack frames</a>
<div class='stack-trace' id='stack-trace1205343271'><pre>org.openqa.selenium.ElementClickInterceptedException: element click intercepted: Element &lt;button class=&quot;c-button-unstyled hamburger-menu-button&quot; type=&quot;button&quot; aria-controls=&quot;flyout-container&quot; aria-expanded=&quot;false&quot; aria-label=&quot;Menu&quot; data-t=&quot;hamburger-navigation-button&quot;&gt;...&lt;/button&gt; is not clickable at point (198, 77). Other element would receive the click: &lt;div id=&quot;confirmIt-backdrop&quot; class=&quot;confirmIt modal-backdrop in&quot;&gt;&lt;/div&gt;
  (Session info: chrome=120.0.6099.200)
Build info: version: &apos;4.16.1&apos;, revision: &apos;9b4c83354e&apos;
System info: os.name: &apos;Windows 11&apos;, os.arch: &apos;amd64&apos;, os.version: &apos;10.0&apos;, java.version: &apos;17.0.9&apos;
Driver info: org.openqa.selenium.chrome.ChromeDriver
Command: [26e07c0f3a459e6ccd1d28e9dfbdf3bc, clickElement {id=DEB64769C922F9CD132A1C71387D2541_element_60}]
Capabilities {acceptInsecureCerts: false, browserName: chrome, browserVersion: 120.0.6099.200, chrome: {chromedriverVersion: 120.0.6099.109 (3419140ab66..., userDataDir: C:\Users\karth\AppData\Loca...}, fedcm:accounts: true, goog:chromeOptions: {debuggerAddress: localhost:62489}, networkConnectionEnabled: false, pageLoadStrategy: normal, platformName: windows, proxy: Proxy(), se:cdp: ws://localhost:62489/devtoo..., se:cdpVersion: 120.0.6099.200, setWindowRect: true, strictFileInteractability: false, timeouts: {implicit: 0, pageLoad: 300000, script: 30000}, unhandledPromptBehavior: dismiss and notify, webauthn:extension:credBlob: true, webauthn:extension:largeBlob: true, webauthn:extension:minPinLength: true, webauthn:extension:prf: true, webauthn:virtualAuthenticators: true}
Element: [[ChromeDriver: chrome on windows (26e07c0f3a459e6ccd1d28e9dfbdf3bc)] -&gt; xpath: //button[@aria-label=&apos;Menu&apos;]]
Session ID: 26e07c0f3a459e6ccd1d28e9dfbdf3bc
	at java.base/jdk.internal.reflect.NativeConstructorAccessorImpl.newInstance0(Native Method)
	at java.base/jdk.internal.reflect.NativeConstructorAccessorImpl.newInstance(NativeConstructorAccessorImpl.java:77)
	at java.base/jdk.internal.reflect.DelegatingConstructorAccessorImpl.newInstance(DelegatingConstructorAccessorImpl.java:45)
	at java.base/java.lang.reflect.Constructor.newInstanceWithCaller(Constructor.java:499)
	at java.base/java.lang.reflect.Constructor.newInstance(Constructor.java:480)
	at org.openqa.selenium.remote.codec.w3c.W3CHttpResponseCodec.createException(W3CHttpResponseCodec.java:200)
	at org.openqa.selenium.remote.codec.w3c.W3CHttpResponseCodec.decode(W3CHttpResponseCodec.java:133)
	at org.openqa.selenium.remote.codec.w3c.W3CHttpResponseCodec.decode(W3CHttpResponseCodec.java:52)
	at org.openqa.selenium.remote.HttpCommandExecutor.execute(HttpCommandExecutor.java:191)
	at org.openqa.selenium.remote.service.DriverCommandExecutor.invokeExecute(DriverCommandExecutor.java:200)
	at org.openqa.selenium.remote.service.DriverCommandExecutor.execute(DriverCommandExecutor.java:175)
	at org.openqa.selenium.remote.RemoteWebDriver.execute(RemoteWebDriver.java:523)
	at org.openqa.selenium.remote.RemoteWebElement.execute(RemoteWebElement.java:224)
	at org.openqa.selenium.remote.RemoteWebElement.click(RemoteWebElement.java:77)
	at jdk.internal.reflect.GeneratedMethodAccessor1.invoke(Unknown Source)
	at java.base/jdk.internal.reflect.DelegatingMethodAccessorImpl.invoke(DelegatingMethodAccessorImpl.java:43)
	at java.base/java.lang.reflect.Method.invoke(Method.java:568)
	at org.openqa.selenium.support.pagefactory.internal.LocatingElementHandler.invoke(LocatingElementHandler.java:51)
	at jdk.proxy2/jdk.proxy2.$Proxy13.click(Unknown Source)
	at Pageobject.Homepage.selectLGBrand(Homepage.java:135)
	at Testcases.Tc_08_Menu_Brand_Select.AddItemShopByBrandMenu(Tc_08_Menu_Brand_Select.java:19)
	at java.base/jdk.internal.reflect.NativeMethodAccessorImpl.invoke0(Native Method)
	at java.base/jdk.internal.reflect.NativeMethodAccessorImpl.invoke(NativeMethodAccessorImpl.java:77)
	at java.base/jdk.internal.reflect.DelegatingMethodAccessorImpl.invoke(DelegatingMethodAccessorImpl.java:43)
	at java.base/java.lang.reflect.Method.invoke(Method.java:568)
	at org.testng.internal.invokers.MethodInvocationHelper.invokeMethod(MethodInvocationHelper.java:139)
	at org.testng.internal.invokers.TestInvoker.invokeMethod(TestInvoker.java:664)
	at org.testng.internal.invokers.TestInvoker.invokeTestMethod(TestInvoker.java:227)
	at org.testng.internal.invokers.MethodRunner.runInSequence(MethodRunner.java:50)
	at org.testng.internal.invokers.TestInvoker$MethodInvocationAgent.invoke(TestInvoker.java:957)
	at org.testng.internal.invokers.TestInvoker.invokeTestMethods(TestInvoker.java:200)
	at org.testng.internal.invokers.TestMethodWorker.invokeTestMethods(TestMethodWorker.java:148)
	at org.testng.internal.invokers.TestMethodWorker.run(TestMethodWorker.java:128)
	at java.base/java.util.ArrayList.forEach(ArrayList.java:1511)
	at org.testng.TestRunner.privateRun(TestRunner.java:848)
	at org.testng.TestRunner.run(TestRunner.java:621)
	at org.testng.SuiteRunner.runTest(SuiteRunner.java:443)
	at org.testng.SuiteRunner.runSequentially(SuiteRunner.java:437)
	at org.testng.SuiteRunner.privateRun(SuiteRunner.java:397)
	at org.testng.SuiteRunner.run(SuiteRunner.java:336)
	at org.testng.SuiteRunnerWorker.runSuite(SuiteRunnerWorker.java:52)
	at org.testng.SuiteRunnerWorker.run(SuiteRunnerWorker.java:95)
	at org.testng.TestNG.runSuitesSequentially(TestNG.java:1280)
	at org.testng.TestNG.runSuitesLocally(TestNG.java:1200)
	at org.testng.TestNG.runSuites(TestNG.java:1114)
	at org.testng.TestNG.run(TestNG.java:1082)
	at org.apache.maven.surefire.testng.TestNGExecutor.run(TestNGExecutor.java:284)
	at org.apache.maven.surefire.testng.TestNGXmlTestSuite.execute(TestNGXmlTestSuite.java:75)
	at org.apache.maven.surefire.testng.TestNGProvider.invoke(TestNGProvider.java:119)
	at org.apache.maven.surefire.booter.ForkedBooter.runSuitesInProcess(ForkedBooter.java:428)
	at org.apache.maven.surefire.booter.ForkedBooter.execute(ForkedBooter.java:162)
	at org.apache.maven.surefire.booter.ForkedBooter.run(ForkedBooter.java:562)
	at org.apache.maven.surefire.booter.ForkedBooter.main(ForkedBooter.java:548)
</pre></div></td>
<td>6</td>
<td>Testcases.Tc_08_Menu_Brand_Select@6f10d5b6</td></tr>
</table><p>
<table width='100%' border='1' class='invocation-passed'>
<tr><td colspan='4' align='center'><b>PASSED TESTS</b></td></tr>
<tr><td><b>Test method</b></td>
<td><b>Attribute(s)</b></td>
<td width="30%"><b>Exception</b></td>
<td width="10%"><b>Time (seconds)</b></td>
<td><b>Instance</b></td>
</tr>
<tr>
<td title='Testcases.Tc_05_Homepage.CheckTitleOfAllMenu()'><b>CheckTitleOfAllMenu</b><br>Test class: Testcases.Tc_05_Homepage<br>Parameters: Credit Cards, Best Buy Credit Card: Rewards & Financing</td>
<td></td>
<td>9</td>
<td>Testcases.Tc_05_Homepage@7ae0a9ec</td></tr>
<tr>
<td title='Testcases.Tc_05_Homepage.CheckTitleOfAllMenu()'><b>CheckTitleOfAllMenu</b><br>Test class: Testcases.Tc_05_Homepage<br>Parameters: Gift Cards, Gifts Cards and E-Gift Cards - Best Buy</td>
<td></td>
<td>9</td>
<td>Testcases.Tc_05_Homepage@7ae0a9ec</td></tr>
<tr>
<td title='Testcases.Tc_01_Navigatetowebpage.NavigatingToBestBestApp()'><b>NavigatingToBestBestApp</b><br>Test class: Testcases.Tc_01_Navigatetowebpage</td>
<td></td>
<td>6</td>
<td>Testcases.Tc_01_Navigatetowebpage@61c4eee0</td></tr>
<tr>
<td title='Testcases.Tc_05_Homepage.CheckTitleOfAllMenu()'><b>CheckTitleOfAllMenu</b><br>Test class: Testcases.Tc_05_Homepage<br>Parameters: Gift Ideas, Gift Ideas 2023: Best Gifts to Give This Year - Best Buy</td>
<td></td>
<td>11</td>
<td>Testcases.Tc_05_Homepage@7ae0a9ec</td></tr>
<tr>
<td title='Testcases.Tc_05_Homepage.CheckTitleOfAllMenu()'><b>CheckTitleOfAllMenu</b><br>Test class: Testcases.Tc_05_Homepage<br>Parameters: Deal of the Day, Deal of the Day: Electronics Deals - Best Buy</td>
<td></td>
<td>10</td>
<td>Testcases.Tc_05_Homepage@7ae0a9ec</td></tr>
<tr>
<td title='Testcases.Tc_03_CreateaccountpageTest.ValidateCreatAccountFunctionality()'><b>ValidateCreatAccountFunctionality</b><br>Test class: Testcases.Tc_03_CreateaccountpageTest<br>Parameters: Testing, `, dummytesting23541@gmail.com, Testing@1234567890#, Testing@1234567890#, 8965847854</td>
<td></td>
<td>16</td>
<td>Testcases.Tc_03_CreateaccountpageTest@1040be71</td></tr>
<tr>
<td title='Testcases.Tc_02_Verify_LinkBroken.ValidateUrlIsNotBroken()'><b>ValidateUrlIsNotBroken</b><br>Test class: Testcases.Tc_02_Verify_LinkBroken</td>
<td></td>
<td>19</td>
<td>Testcases.Tc_02_Verify_LinkBroken@302c971f</td></tr>
<tr>
<td title='Testcases.Tc_05_Homepage.CheckTitleOfAllMenu()'><b>CheckTitleOfAllMenu</b><br>Test class: Testcases.Tc_05_Homepage<br>Parameters: My Best Buy Memberships, My Best Buy Memberships</td>
<td></td>
<td>15</td>
<td>Testcases.Tc_05_Homepage@7ae0a9ec</td></tr>
<tr>
<td title='Testcases.Tc_05_Homepage.CheckTitleOfAllMenu()'><b>CheckTitleOfAllMenu</b><br>Test class: Testcases.Tc_05_Homepage<br>Parameters: Top Deals, Top Deals and Featured Offers on Electronics - Best Buy</td>
<td></td>
<td>11</td>
<td>Testcases.Tc_05_Homepage@7ae0a9ec</td></tr>
<tr>
<td title='Testcases.Tc_07_Menu_shop_by_Dept.SelAddItemShopByDeptMenu()'><b>SelAddItemShopByDeptMenu</b><br>Test class: Testcases.Tc_07_Menu_shop_by_Dept</td>
<td></td>
<td>32</td>
<td>Testcases.Tc_07_Menu_shop_by_Dept@305ffe9e</td></tr>
<tr>
<td title='Testcases.Tc_03_CreateaccountpageTest.ValidateCreatAccountFunctionality()'><b>ValidateCreatAccountFunctionality</b><br>Test class: Testcases.Tc_03_CreateaccountpageTest<br>Parameters: Testing, test, dummytesting23541.com, Testing@1234567890#, Testing@1234567890#, 8965847854</td>
<td></td>
<td>17</td>
<td>Testcases.Tc_03_CreateaccountpageTest@1040be71</td></tr>
<tr>
<td title='Testcases.Tc_05_Homepage.CheckTitleOfAllMenu()'><b>CheckTitleOfAllMenu</b><br>Test class: Testcases.Tc_05_Homepage<br>Parameters: Yardbird, Beautiful Outdoor Living For All</td>
<td></td>
<td>6</td>
<td>Testcases.Tc_05_Homepage@7ae0a9ec</td></tr>
<tr>
<td title='Testcases.Tc_03_CreateaccountpageTest.ValidateCreatAccountFunctionality()'><b>ValidateCreatAccountFunctionality</b><br>Test class: Testcases.Tc_03_CreateaccountpageTest<br>Parameters: Testing, test, dummytesting23541@gmail.com, Testing@1234567890#, Testing@1234567890#, `</td>
<td></td>
<td>17</td>
<td>Testcases.Tc_03_CreateaccountpageTest@1040be71</td></tr>
<tr>
<td title='Testcases.Tc_05_Homepage.CheckTitleOfAllMenu()'><b>CheckTitleOfAllMenu</b><br>Test class: Testcases.Tc_05_Homepage<br>Parameters: Best Buy Outlet, Best Buy Outlet: Clearance Electronics Outlet Store – Best Buy</td>
<td></td>
<td>9</td>
<td>Testcases.Tc_05_Homepage@7ae0a9ec</td></tr>
<tr>
<td title='Testcases.Tc_03_CreateaccountpageTest.ValidateCreatAccountFunctionality()'><b>ValidateCreatAccountFunctionality</b><br>Test class: Testcases.Tc_03_CreateaccountpageTest<br>Parameters: Testing, test, dummytesting23541@gmail.com, Testing@1234567890#, Testing@1234567890#, 8965847854</td>
<td></td>
<td>16</td>
<td>Testcases.Tc_03_CreateaccountpageTest@1040be71</td></tr>
<tr>
<td title='Testcases.Tc_06_Search_additem.SearchAddItemInCart()'><b>SearchAddItemInCart</b><br>Test class: Testcases.Tc_06_Search_additem</td>
<td></td>
<td>30</td>
<td>Testcases.Tc_06_Search_additem@35841320</td></tr>
<tr>
<td title='Testcases.Tc_03_CreateaccountpageTest.ValidateCreatAccountFunctionality()'><b>ValidateCreatAccountFunctionality</b><br>Test class: Testcases.Tc_03_CreateaccountpageTest<br>Parameters: `, test, dummytesting23541@gmail.com, Testing@1234567890#, Testing@1234567890#, 8965847854</td>
<td></td>
<td>17</td>
<td>Testcases.Tc_03_CreateaccountpageTest@1040be71</td></tr>
<tr>
<td title='Testcases.Tc_05_Homepage.CheckTitleOfAllMenu()'><b>CheckTitleOfAllMenu</b><br>Test class: Testcases.Tc_05_Homepage<br>Parameters: Best Buy Business, Best Buy for Business - Best Buy</td>
<td></td>
<td>10</td>
<td>Testcases.Tc_05_Homepage@7ae0a9ec</td></tr>
<tr>
<td title='Testcases.Tc_03_CreateaccountpageTest.ValidateCreatAccountFunctionality()'><b>ValidateCreatAccountFunctionality</b><br>Test class: Testcases.Tc_03_CreateaccountpageTest<br>Parameters: Testing, test, dummytesting23541@gmail.com, `, Testing@1234567890#, 8965847854</td>
<td></td>
<td>18</td>
<td>Testcases.Tc_03_CreateaccountpageTest@1040be71</td></tr>
<tr>
<td title='Testcases.Tc_05_Homepage.validate_BottomLink_HomePage()'><b>validate_BottomLink_HomePage</b><br>Test class: Testcases.Tc_05_Homepage</td>
<td></td>
<td>9</td>
<td>Testcases.Tc_05_Homepage@7ae0a9ec</td></tr>
<tr>
<td title='Testcases.Tc_03_CreateaccountpageTest.ValidateCreatAccountFunctionality()'><b>ValidateCreatAccountFunctionality</b><br>Test class: Testcases.Tc_03_CreateaccountpageTest<br>Parameters: Testing, test, dummytesting23541@gmail.com, Testing@1234567890#, `, 8965847854</td>
<td></td>
<td>21</td>
<td>Testcases.Tc_03_CreateaccountpageTest@1040be71</td></tr>
<tr>
<td title='Testcases.Tc_09_Checkout_fillingpage.CheckOutPageFillingas_using_guest()'><b>CheckOutPageFillingas_using_guest</b><br>Test class: Testcases.Tc_09_Checkout_fillingpage</td>
<td></td>
<td>58</td>
<td>Testcases.Tc_09_Checkout_fillingpage@1972e513</td></tr>
<tr>
<td title='Testcases.Tc_04_Siginpage.SignIn()'><b>SignIn</b><br>Test class: Testcases.Tc_04_Siginpage<br>Parameters: dummytesting23541@gmail.com, Testing@1234567890#</td>
<td></td>
<td>12</td>
<td>Testcases.Tc_04_Siginpage@609e8838</td></tr>
<tr>
<td title='Testcases.Tc_04_Siginpage.SignIn()'><b>SignIn</b><br>Test class: Testcases.Tc_04_Siginpage<br>Parameters: `, Testing@1234567890#</td>
<td></td>
<td>11</td>
<td>Testcases.Tc_04_Siginpage@609e8838</td></tr>
<tr>
<td title='Testcases.Tc_04_Siginpage.SignIn()'><b>SignIn</b><br>Test class: Testcases.Tc_04_Siginpage<br>Parameters: dummytesting23541@gmail.com, `</td>
<td></td>
<td>12</td>
<td>Testcases.Tc_04_Siginpage@609e8838</td></tr>
<tr>
<td title='Testcases.Tc_04_Siginpage.SignIn()'><b>SignIn</b><br>Test class: Testcases.Tc_04_Siginpage<br>Parameters: dummytesting@gmail.com, Testing</td>
<td></td>
<td>21</td>
<td>Testcases.Tc_04_Siginpage@609e8838</td></tr>
</table><p>
</body>
</html>