<?xml version="1.0" encoding="UTF-8"?>
<!-- Generated by org.testng.reporters.JUnitXMLReporter -->
<testsuite ignored="0" hostname="Karthik" failures="0" tests="27" name="Test" time="560.512" errors="0" timestamp="2024-01-23T12:25:37 IST">
  <testcase classname="Testcases.Tc_04_Siginpage" name="SignIn" time="14.999"/>
  <testcase classname="Testcases.Tc_04_Siginpage" name="SignIn" time="16.229"/>
  <testcase classname="Testcases.Tc_04_Siginpage" name="SignIn" time="14.598"/>
  <testcase classname="Testcases.Tc_04_Siginpage" name="SignIn" time="15.253"/>
  <testcase classname="Testcases.Tc_07_Menu_shop_by_Dept" name="SelAddItemShopByDeptMenu" time="30.835"/>
  <testcase classname="Testcases.Tc_02_Verify_LinkBroken" name="ValidateUrlIsNotBroken" time="18.91"/>
  <testcase classname="Testcases.Tc_09_Checkout_fillingpage" name="CheckOutPageFillingas_using_guest" time="48.487"/>
  <testcase classname="Testcases.Tc_06_Search_additem" name="SearchAddItemInCart" time="32.021"/>
  <testcase classname="Testcases.Tc_05_Homepage" name="CheckTitleOfAllMenu" time="10.91"/>
  <testcase classname="Testcases.Tc_05_Homepage" name="CheckTitleOfAllMenu" time="14.051"/>
  <testcase classname="Testcases.Tc_05_Homepage" name="CheckTitleOfAllMenu" time="14.0"/>
  <testcase classname="Testcases.Tc_05_Homepage" name="CheckTitleOfAllMenu" time="8.588"/>
  <testcase classname="Testcases.Tc_05_Homepage" name="CheckTitleOfAllMenu" time="8.984"/>
  <testcase classname="Testcases.Tc_05_Homepage" name="CheckTitleOfAllMenu" time="17.425"/>
  <testcase classname="Testcases.Tc_05_Homepage" name="CheckTitleOfAllMenu" time="7.32"/>
  <testcase classname="Testcases.Tc_05_Homepage" name="CheckTitleOfAllMenu" time="9.753"/>
  <testcase classname="Testcases.Tc_05_Homepage" name="CheckTitleOfAllMenu" time="10.796"/>
  <testcase classname="Testcases.Tc_05_Homepage" name="validate_BottomLink_HomePage" time="23.18"/>
  <testcase classname="Testcases.Tc_01_Navigatetowebpage" name="NavigatingToBestBestApp" time="6.866"/>
  <testcase classname="Testcases.Tc_08_Menu_Brand_Select" name="AddItemShopByBrandMenu" time="27.422"/>
  <testcase classname="Testcases.Tc_03_CreateaccountpageTest" name="ValidateCreatAccountFunctionality" time="16.128"/>
  <testcase classname="Testcases.Tc_03_CreateaccountpageTest" name="ValidateCreatAccountFunctionality" time="16.397"/>
  <testcase classname="Testcases.Tc_03_CreateaccountpageTest" name="ValidateCreatAccountFunctionality" time="18.395"/>
  <testcase classname="Testcases.Tc_03_CreateaccountpageTest" name="ValidateCreatAccountFunctionality" time="18.881"/>
  <testcase classname="Testcases.Tc_03_CreateaccountpageTest" name="ValidateCreatAccountFunctionality" time="23.224"/>
  <testcase classname="Testcases.Tc_03_CreateaccountpageTest" name="ValidateCreatAccountFunctionality" time="15.934"/>
  <testcase classname="Testcases.Tc_03_CreateaccountpageTest" name="ValidateCreatAccountFunctionality" time="17.693"/>
</testsuite> <!-- Test -->
