<?xml version="1.0" encoding="UTF-8"?>
<!-- Generated by org.testng.reporters.JUnitXMLReporter -->
<testsuite ignored="0" hostname="Karthik" failures="1" tests="27" name="Test" time="520.224" errors="0" timestamp="2024-01-10T01:00:59 IST">
  <testcase classname="Testcases.Tc_04_Siginpage" name="SignIn" time="21.393"/>
  <testcase classname="Testcases.Tc_04_Siginpage" name="SignIn" time="12.714"/>
  <testcase classname="Testcases.Tc_04_Siginpage" name="SignIn" time="11.388"/>
  <testcase classname="Testcases.Tc_04_Siginpage" name="SignIn" time="12.925"/>
  <testcase classname="Testcases.Tc_07_Menu_shop_by_Dept" name="SelAddItemShopByDeptMenu" time="32.938"/>
  <testcase classname="Testcases.Tc_02_Verify_LinkBroken" name="ValidateUrlIsNotBroken" time="19.119"/>
  <testcase classname="Testcases.Tc_09_Checkout_fillingpage" name="CheckOutPageFillingas_using_guest" time="58.899"/>
  <testcase classname="Testcases.Tc_05_Homepage" name="CheckTitleOfAllMenu" time="11.698"/>
  <testcase classname="Testcases.Tc_05_Homepage" name="CheckTitleOfAllMenu" time="10.551"/>
  <testcase classname="Testcases.Tc_05_Homepage" name="CheckTitleOfAllMenu" time="15.401"/>
  <testcase classname="Testcases.Tc_05_Homepage" name="CheckTitleOfAllMenu" time="9.842"/>
  <testcase classname="Testcases.Tc_05_Homepage" name="CheckTitleOfAllMenu" time="9.964"/>
  <testcase classname="Testcases.Tc_05_Homepage" name="CheckTitleOfAllMenu" time="11.849"/>
  <testcase classname="Testcases.Tc_05_Homepage" name="CheckTitleOfAllMenu" time="6.697"/>
  <testcase classname="Testcases.Tc_05_Homepage" name="CheckTitleOfAllMenu" time="9.817"/>
  <testcase classname="Testcases.Tc_05_Homepage" name="CheckTitleOfAllMenu" time="10.62"/>
  <testcase classname="Testcases.Tc_05_Homepage" name="validate_BottomLink_HomePage" time="9.379"/>
  <testcase classname="Testcases.Tc_06_Search_additem" name="SearchAddItemInCart" time="30.47"/>
  <testcase classname="Testcases.Tc_01_Navigatetowebpage" name="NavigatingToBestBestApp" time="6.825"/>
  <testcase classname="Testcases.Tc_08_Menu_Brand_Select" name="AddItemShopByBrandMenu" time="6.566">
    <failure type="org.openqa.selenium.ElementClickInterceptedException" message="element click intercepted: Element &amp;lt;button class=&amp;quot;c-button-unstyled hamburger-menu-button&amp;quot; type=&amp;quot;button&amp;quot; aria-controls=&amp;quot;flyout-container&amp;quot; aria-expanded=&amp;quot;false&amp;quot; aria-label=&amp;quot;Menu&amp;quot; data-t=&amp;quot;hamburger-navigation-button&amp;quot;&amp;gt;...&amp;lt;/button&amp;gt; is not clickable at point (198, 77). Other element would receive the click: &amp;lt;div id=&amp;quot;confirmIt-backdrop&amp;quot; class=&amp;quot;confirmIt modal-backdrop in&amp;quot;&amp;gt;&amp;lt;/div&amp;gt;
  (Session info: chrome=120.0.6099.200)
Build info: version: &amp;apos;4.16.1&amp;apos;, revision: &amp;apos;9b4c83354e&amp;apos;
System info: os.name: &amp;apos;Windows 11&amp;apos;, os.arch: &amp;apos;amd64&amp;apos;, os.version: &amp;apos;10.0&amp;apos;, java.version: &amp;apos;17.0.9&amp;apos;
Driver info: org.openqa.selenium.chrome.ChromeDriver
Command: [26e07c0f3a459e6ccd1d28e9dfbdf3bc, clickElement {id=DEB64769C922F9CD132A1C71387D2541_element_60}]
Capabilities {acceptInsecureCerts: false, browserName: chrome, browserVersion: 120.0.6099.200, chrome: {chromedriverVersion: 120.0.6099.109 (3419140ab66..., userDataDir: C:\Users\karth\AppData\Loca...}, fedcm:accounts: true, goog:chromeOptions: {debuggerAddress: localhost:62489}, networkConnectionEnabled: false, pageLoadStrategy: normal, platformName: windows, proxy: Proxy(), se:cdp: ws://localhost:62489/devtoo..., se:cdpVersion: 120.0.6099.200, setWindowRect: true, strictFileInteractability: false, timeouts: {implicit: 0, pageLoad: 300000, script: 30000}, unhandledPromptBehavior: dismiss and notify, webauthn:extension:credBlob: true, webauthn:extension:largeBlob: true, webauthn:extension:minPinLength: true, webauthn:extension:prf: true, webauthn:virtualAuthenticators: true}
Element: [[ChromeDriver: chrome on windows (26e07c0f3a459e6ccd1d28e9dfbdf3bc)] -&amp;gt; xpath: //button[@aria-label=&amp;apos;Menu&amp;apos;]]
Session ID: 26e07c0f3a459e6ccd1d28e9dfbdf3bc">
      <![CDATA[org.openqa.selenium.ElementClickInterceptedException: element click intercepted: Element <button class="c-button-unstyled hamburger-menu-button" type="button" aria-controls="flyout-container" aria-expanded="false" aria-label="Menu" data-t="hamburger-navigation-button">...</button> is not clickable at point (198, 77). Other element would receive the click: <div id="confirmIt-backdrop" class="confirmIt modal-backdrop in"></div>
  (Session info: chrome=120.0.6099.200)
Build info: version: '4.16.1', revision: '9b4c83354e'
System info: os.name: 'Windows 11', os.arch: 'amd64', os.version: '10.0', java.version: '17.0.9'
Driver info: org.openqa.selenium.chrome.ChromeDriver
Command: [26e07c0f3a459e6ccd1d28e9dfbdf3bc, clickElement {id=DEB64769C922F9CD132A1C71387D2541_element_60}]
Capabilities {acceptInsecureCerts: false, browserName: chrome, browserVersion: 120.0.6099.200, chrome: {chromedriverVersion: 120.0.6099.109 (3419140ab66..., userDataDir: C:\Users\karth\AppData\Loca...}, fedcm:accounts: true, goog:chromeOptions: {debuggerAddress: localhost:62489}, networkConnectionEnabled: false, pageLoadStrategy: normal, platformName: windows, proxy: Proxy(), se:cdp: ws://localhost:62489/devtoo..., se:cdpVersion: 120.0.6099.200, setWindowRect: true, strictFileInteractability: false, timeouts: {implicit: 0, pageLoad: 300000, script: 30000}, unhandledPromptBehavior: dismiss and notify, webauthn:extension:credBlob: true, webauthn:extension:largeBlob: true, webauthn:extension:minPinLength: true, webauthn:extension:prf: true, webauthn:virtualAuthenticators: true}
Element: [[ChromeDriver: chrome on windows (26e07c0f3a459e6ccd1d28e9dfbdf3bc)] -> xpath: //button[@aria-label='Menu']]
Session ID: 26e07c0f3a459e6ccd1d28e9dfbdf3bc
at org.openqa.selenium.remote.codec.w3c.W3CHttpResponseCodec.createException(W3CHttpResponseCodec.java:200)
at org.openqa.selenium.remote.codec.w3c.W3CHttpResponseCodec.decode(W3CHttpResponseCodec.java:133)
at org.openqa.selenium.remote.codec.w3c.W3CHttpResponseCodec.decode(W3CHttpResponseCodec.java:52)
at org.openqa.selenium.remote.HttpCommandExecutor.execute(HttpCommandExecutor.java:191)
at org.openqa.selenium.remote.service.DriverCommandExecutor.invokeExecute(DriverCommandExecutor.java:200)
at org.openqa.selenium.remote.service.DriverCommandExecutor.execute(DriverCommandExecutor.java:175)
at org.openqa.selenium.remote.RemoteWebDriver.execute(RemoteWebDriver.java:523)
at org.openqa.selenium.remote.RemoteWebElement.execute(RemoteWebElement.java:224)
at org.openqa.selenium.remote.RemoteWebElement.click(RemoteWebElement.java:77)
at org.openqa.selenium.support.pagefactory.internal.LocatingElementHandler.invoke(LocatingElementHandler.java:51)
at jdk.proxy2/jdk.proxy2.$Proxy13.click(Unknown Source)
at Pageobject.Homepage.selectLGBrand(Homepage.java:135)
at Testcases.Tc_08_Menu_Brand_Select.AddItemShopByBrandMenu(Tc_08_Menu_Brand_Select.java:19)
at java.base/java.util.ArrayList.forEach(ArrayList.java:1511)
... Removed 39 stack frames]]>
    </failure>
  </testcase> <!-- AddItemShopByBrandMenu -->
  <testcase classname="Testcases.Tc_03_CreateaccountpageTest" name="ValidateCreatAccountFunctionality" time="16.796"/>
  <testcase classname="Testcases.Tc_03_CreateaccountpageTest" name="ValidateCreatAccountFunctionality" time="17.132"/>
  <testcase classname="Testcases.Tc_03_CreateaccountpageTest" name="ValidateCreatAccountFunctionality" time="17.223"/>
  <testcase classname="Testcases.Tc_03_CreateaccountpageTest" name="ValidateCreatAccountFunctionality" time="21.493"/>
  <testcase classname="Testcases.Tc_03_CreateaccountpageTest" name="ValidateCreatAccountFunctionality" time="18.301"/>
  <testcase classname="Testcases.Tc_03_CreateaccountpageTest" name="ValidateCreatAccountFunctionality" time="17.907"/>
  <testcase classname="Testcases.Tc_03_CreateaccountpageTest" name="ValidateCreatAccountFunctionality" time="16.471"/>
</testsuite> <!-- Test -->
