<?xml version="1.0" encoding="UTF-8"?>
<testsuite xmlns:xsi="http://www.w3.org/2001/XMLSchema-instance" xsi:noNamespaceSchemaLocation="https://maven.apache.org/surefire/maven-surefire-plugin/xsd/surefire-test-report-3.0.xsd" version="3.0" name="TestSuite" time="596.685" tests="27" errors="0" skipped="0" failures="0">
  <properties>
[...]
</properties>
  <testcase name="SignIn[dummytesting@gmail.com, Testing](1)" classname="Testcases.Tc_04_Siginpage" time="16.418">
    <system-err><![CDATA[SLF4J: Failed to load class "org.slf4j.impl.StaticLoggerBinder".
SLF4J: Defaulting to no-operation (NOP) logger implementation
SLF4J: See http://www.slf4j.org/codes.html#StaticLoggerBinder for further details.
ERROR StatusLogger Log4j2 could not find a logging implementation. Please add log4j-core to the classpath. Using SimpleLogger to log to the console...
]]></system-err>
  </testcase>
  <testcase name="SignIn[dummytesting23541@gmail.com, `](2)" classname="Testcases.Tc_04_Siginpage" time="17.806"/>
  <testcase name="SignIn[`, Testing@1234567890#](3)" classname="Testcases.Tc_04_Siginpage" time="16.476"/>
  <testcase name="SignIn[dummytesting23541@gmail.com, Testing@1234567890#](4)" classname="Testcases.Tc_04_Siginpage" time="16.975"/>
  <testcase name="SelAddItemShopByDeptMenu" classname="Testcases.Tc_07_Menu_shop_by_Dept" time="30.623"/>
  <testcase name="ValidateUrlIsNotBroken" classname="Testcases.Tc_02_Verify_LinkBroken" time="17.547">
    <system-out><![CDATA[Link is Not Broken
]]></system-out>
  </testcase>
  <testcase name="CheckOutPageFillingas_using_guest" classname="Testcases.Tc_09_Checkout_fillingpage" time="54.419"/>
  <testcase name="SearchAddItemInCart" classname="Testcases.Tc_06_Search_additem" time="36.529"/>
  <testcase name="CheckTitleOfAllMenu[Top Deals, Top Deals and Featured Offers on Electronics - Best Buy](1)" classname="Testcases.Tc_05_Homepage" time="14.993"/>
  <testcase name="CheckTitleOfAllMenu[Deal of the Day, Deal of the Day: Electronics Deals - Best Buy](2)" classname="Testcases.Tc_05_Homepage" time="13.088"/>
  <testcase name="CheckTitleOfAllMenu[My Best Buy Memberships, My Best Buy Memberships](3)" classname="Testcases.Tc_05_Homepage" time="22.321"/>
  <testcase name="CheckTitleOfAllMenu[Credit Cards, Best Buy Credit Card: Rewards &amp; Financing](4)" classname="Testcases.Tc_05_Homepage" time="14.054"/>
  <testcase name="CheckTitleOfAllMenu[Gift Cards, Gifts Cards and E-Gift Cards - Best Buy](5)" classname="Testcases.Tc_05_Homepage" time="10.367"/>
  <testcase name="CheckTitleOfAllMenu[Gift Ideas, Gift Ideas 2023: Best Gifts to Give This Year - Best Buy](6)" classname="Testcases.Tc_05_Homepage" time="17.19"/>
  <testcase name="CheckTitleOfAllMenu[Yardbird, Beautiful Outdoor Living For All](7)" classname="Testcases.Tc_05_Homepage" time="7.647"/>
  <testcase name="CheckTitleOfAllMenu[Best Buy Outlet, Best Buy Outlet: Clearance Electronics Outlet Store – Best Buy](8)" classname="Testcases.Tc_05_Homepage" time="10.359"/>
  <testcase name="CheckTitleOfAllMenu[Best Buy Business, Best Buy for Business - Best Buy](9)" classname="Testcases.Tc_05_Homepage" time="11.618"/>
  <testcase name="validate_BottomLink_HomePage" classname="Testcases.Tc_05_Homepage" time="10.007">
    <system-out><![CDATA[Validate bottom link is Pass
]]></system-out>
  </testcase>
  <testcase name="NavigatingToBestBestApp" classname="Testcases.Tc_01_Navigatetowebpage" time="6.902"/>
  <testcase name="AddItemShopByBrandMenu" classname="Testcases.Tc_08_Menu_Brand_Select" time="36.122"/>
  <testcase name="ValidateCreatAccountFunctionality[Testing, `, dummytesting23541@gmail.com, Testing@1234567890#, Testing@1234567890#, 8965847854](1)" classname="Testcases.Tc_03_CreateaccountpageTest" time="20.541"/>
  <testcase name="ValidateCreatAccountFunctionality[`, test, dummytesting23541@gmail.com, Testing@1234567890#, Testing@1234567890#, 8965847854](2)" classname="Testcases.Tc_03_CreateaccountpageTest" time="22.529"/>
  <testcase name="ValidateCreatAccountFunctionality[Testing, test, dummytesting23541.com, Testing@1234567890#, Testing@1234567890#, 8965847854](3)" classname="Testcases.Tc_03_CreateaccountpageTest" time="22.495"/>
  <testcase name="ValidateCreatAccountFunctionality[Testing, test, dummytesting23541@gmail.com, Testing@1234567890#, `, 8965847854](4)" classname="Testcases.Tc_03_CreateaccountpageTest" time="18.121"/>
  <testcase name="ValidateCreatAccountFunctionality[Testing, test, dummytesting23541@gmail.com, `, Testing@1234567890#, 8965847854](5)" classname="Testcases.Tc_03_CreateaccountpageTest" time="18.146"/>
  <testcase name="ValidateCreatAccountFunctionality[Testing, test, dummytesting23541@gmail.com, Testing@1234567890#, Testing@1234567890#, `](6)" classname="Testcases.Tc_03_CreateaccountpageTest" time="18.253"/>
  <testcase name="ValidateCreatAccountFunctionality[Testing, test, dummytesting23541@gmail.com, Testing@1234567890#, Testing@1234567890#, 8965847854](7)" classname="Testcases.Tc_03_CreateaccountpageTest" time="17.501"/>
</testsuite>