<?xml version="1.0" encoding="UTF-8"?>
<testng-results ignored="0" total="27" passed="27" failed="0" skipped="0">
  <reporter-output>
  </reporter-output>
  <suite started-at="2024-01-23T12:16:16 IST" name="Suite" finished-at="2024-01-23T12:25:36 IST" duration-ms="560512">
    <groups>
    </groups>
    <test started-at="2024-01-23T12:16:16 IST" name="Test" finished-at="2024-01-23T12:25:36 IST" duration-ms="560512">
      <class name="Testcases.Tc_08_Menu_Brand_Select">
        <test-method is-config="true" signature="startup()[pri:0, instance:Testcases.Tc_08_Menu_Brand_Select@6f10d5b6]" started-at="2024-01-23T12:22:39 IST" name="startup" finished-at="2024-01-23T12:22:41 IST" duration-ms="2509" status="PASS">
          <reporter-output>
          </reporter-output>
        </test-method> <!-- startup -->
        <test-method signature="AddItemShopByBrandMenu()[pri:9, instance:Testcases.Tc_08_Menu_Brand_Select@6f10d5b6]" started-at="2024-01-23T12:22:41 IST" name="AddItemShopByBrandMenu" finished-at="2024-01-23T12:23:08 IST" duration-ms="27422" status="PASS">
          <reporter-output>
          </reporter-output>
        </test-method> <!-- AddItemShopByBrandMenu -->
        <test-method is-config="true" signature="close()[pri:0, instance:Testcases.Tc_08_Menu_Brand_Select@6f10d5b6]" started-at="2024-01-23T12:23:09 IST" name="close" finished-at="2024-01-23T12:23:09 IST" duration-ms="286" status="PASS">
          <reporter-output>
          </reporter-output>
        </test-method> <!-- close -->
      </class> <!-- Testcases.Tc_08_Menu_Brand_Select -->
      <class name="Testcases.Tc_02_Verify_LinkBroken">
        <test-method is-config="true" signature="startup()[pri:0, instance:Testcases.Tc_02_Verify_LinkBroken@302c971f]" started-at="2024-01-23T12:18:03 IST" name="startup" finished-at="2024-01-23T12:18:05 IST" duration-ms="2130" status="PASS">
          <reporter-output>
          </reporter-output>
        </test-method> <!-- startup -->
        <test-method signature="ValidateUrlIsNotBroken()[pri:2, instance:Testcases.Tc_02_Verify_LinkBroken@302c971f]" started-at="2024-01-23T12:18:05 IST" name="ValidateUrlIsNotBroken" finished-at="2024-01-23T12:18:24 IST" duration-ms="18910" status="PASS">
          <reporter-output>
          </reporter-output>
        </test-method> <!-- ValidateUrlIsNotBroken -->
        <test-method is-config="true" signature="close()[pri:0, instance:Testcases.Tc_02_Verify_LinkBroken@302c971f]" started-at="2024-01-23T12:18:25 IST" name="close" finished-at="2024-01-23T12:18:25 IST" duration-ms="187" status="PASS">
          <reporter-output>
          </reporter-output>
        </test-method> <!-- close -->
      </class> <!-- Testcases.Tc_02_Verify_LinkBroken -->
      <class name="Testcases.Tc_05_Homepage">
        <test-method is-config="true" signature="setup()[pri:0, instance:Testcases.Tc_05_Homepage@35841320]" started-at="2024-01-23T12:16:16 IST" name="setup" finished-at="2024-01-23T12:16:16 IST" duration-ms="0" status="PASS">
          <reporter-output>
          </reporter-output>
        </test-method> <!-- setup -->
        <test-method is-config="true" signature="startup()[pri:0, instance:Testcases.Tc_05_Homepage@35841320]" started-at="2024-01-23T12:19:52 IST" name="startup" finished-at="2024-01-23T12:19:54 IST" duration-ms="2497" status="PASS">
          <reporter-output>
          </reporter-output>
        </test-method> <!-- startup -->
        <test-method signature="CheckTitleOfAllMenu(java.lang.String,java.lang.String)[pri:5, instance:Testcases.Tc_05_Homepage@35841320]" started-at="2024-01-23T12:19:54 IST" name="CheckTitleOfAllMenu" data-provider="Testdata" finished-at="2024-01-23T12:20:05 IST" duration-ms="10910" status="PASS">
          <params>
            <param index="0">
              <value>
                <![CDATA[Top Deals]]>
              </value>
            </param>
            <param index="1">
              <value>
                <![CDATA[Top Deals and Featured Offers on Electronics - Best Buy]]>
              </value>
            </param>
          </params>
          <reporter-output>
          </reporter-output>
        </test-method> <!-- CheckTitleOfAllMenu -->
        <test-method is-config="true" signature="close()[pri:0, instance:Testcases.Tc_05_Homepage@35841320]" started-at="2024-01-23T12:20:05 IST" name="close" finished-at="2024-01-23T12:20:06 IST" duration-ms="221" status="PASS">
          <reporter-output>
          </reporter-output>
        </test-method> <!-- close -->
        <test-method is-config="true" signature="startup()[pri:0, instance:Testcases.Tc_05_Homepage@35841320]" started-at="2024-01-23T12:20:06 IST" name="startup" finished-at="2024-01-23T12:20:08 IST" duration-ms="2648" status="PASS">
          <reporter-output>
          </reporter-output>
        </test-method> <!-- startup -->
        <test-method signature="CheckTitleOfAllMenu(java.lang.String,java.lang.String)[pri:5, instance:Testcases.Tc_05_Homepage@35841320]" started-at="2024-01-23T12:20:08 IST" name="CheckTitleOfAllMenu" data-provider="Testdata" finished-at="2024-01-23T12:20:22 IST" duration-ms="14051" status="PASS">
          <params>
            <param index="0">
              <value>
                <![CDATA[Deal of the Day]]>
              </value>
            </param>
            <param index="1">
              <value>
                <![CDATA[Deal of the Day: Electronics Deals - Best Buy]]>
              </value>
            </param>
          </params>
          <reporter-output>
          </reporter-output>
        </test-method> <!-- CheckTitleOfAllMenu -->
        <test-method is-config="true" signature="close()[pri:0, instance:Testcases.Tc_05_Homepage@35841320]" started-at="2024-01-23T12:20:23 IST" name="close" finished-at="2024-01-23T12:20:23 IST" duration-ms="232" status="PASS">
          <reporter-output>
          </reporter-output>
        </test-method> <!-- close -->
        <test-method is-config="true" signature="startup()[pri:0, instance:Testcases.Tc_05_Homepage@35841320]" started-at="2024-01-23T12:20:23 IST" name="startup" finished-at="2024-01-23T12:20:27 IST" duration-ms="4317" status="PASS">
          <reporter-output>
          </reporter-output>
        </test-method> <!-- startup -->
        <test-method signature="CheckTitleOfAllMenu(java.lang.String,java.lang.String)[pri:5, instance:Testcases.Tc_05_Homepage@35841320]" started-at="2024-01-23T12:20:27 IST" name="CheckTitleOfAllMenu" data-provider="Testdata" finished-at="2024-01-23T12:20:41 IST" duration-ms="14000" status="PASS">
          <params>
            <param index="0">
              <value>
                <![CDATA[My Best Buy Memberships]]>
              </value>
            </param>
            <param index="1">
              <value>
                <![CDATA[My Best Buy Memberships]]>
              </value>
            </param>
          </params>
          <reporter-output>
          </reporter-output>
        </test-method> <!-- CheckTitleOfAllMenu -->
        <test-method is-config="true" signature="close()[pri:0, instance:Testcases.Tc_05_Homepage@35841320]" started-at="2024-01-23T12:20:41 IST" name="close" finished-at="2024-01-23T12:20:42 IST" duration-ms="323" status="PASS">
          <reporter-output>
          </reporter-output>
        </test-method> <!-- close -->
        <test-method is-config="true" signature="startup()[pri:0, instance:Testcases.Tc_05_Homepage@35841320]" started-at="2024-01-23T12:20:42 IST" name="startup" finished-at="2024-01-23T12:20:44 IST" duration-ms="2139" status="PASS">
          <reporter-output>
          </reporter-output>
        </test-method> <!-- startup -->
        <test-method signature="CheckTitleOfAllMenu(java.lang.String,java.lang.String)[pri:5, instance:Testcases.Tc_05_Homepage@35841320]" started-at="2024-01-23T12:20:44 IST" name="CheckTitleOfAllMenu" data-provider="Testdata" finished-at="2024-01-23T12:20:52 IST" duration-ms="8588" status="PASS">
          <params>
            <param index="0">
              <value>
                <![CDATA[Credit Cards]]>
              </value>
            </param>
            <param index="1">
              <value>
                <![CDATA[Best Buy Credit Card: Rewards & Financing]]>
              </value>
            </param>
          </params>
          <reporter-output>
          </reporter-output>
        </test-method> <!-- CheckTitleOfAllMenu -->
        <test-method is-config="true" signature="close()[pri:0, instance:Testcases.Tc_05_Homepage@35841320]" started-at="2024-01-23T12:20:53 IST" name="close" finished-at="2024-01-23T12:20:53 IST" duration-ms="231" status="PASS">
          <reporter-output>
          </reporter-output>
        </test-method> <!-- close -->
        <test-method is-config="true" signature="startup()[pri:0, instance:Testcases.Tc_05_Homepage@35841320]" started-at="2024-01-23T12:20:53 IST" name="startup" finished-at="2024-01-23T12:20:55 IST" duration-ms="2045" status="PASS">
          <reporter-output>
          </reporter-output>
        </test-method> <!-- startup -->
        <test-method signature="CheckTitleOfAllMenu(java.lang.String,java.lang.String)[pri:5, instance:Testcases.Tc_05_Homepage@35841320]" started-at="2024-01-23T12:20:55 IST" name="CheckTitleOfAllMenu" data-provider="Testdata" finished-at="2024-01-23T12:21:04 IST" duration-ms="8984" status="PASS">
          <params>
            <param index="0">
              <value>
                <![CDATA[Gift Cards]]>
              </value>
            </param>
            <param index="1">
              <value>
                <![CDATA[Gifts Cards and E-Gift Cards - Best Buy]]>
              </value>
            </param>
          </params>
          <reporter-output>
          </reporter-output>
        </test-method> <!-- CheckTitleOfAllMenu -->
        <test-method is-config="true" signature="close()[pri:0, instance:Testcases.Tc_05_Homepage@35841320]" started-at="2024-01-23T12:21:04 IST" name="close" finished-at="2024-01-23T12:21:04 IST" duration-ms="236" status="PASS">
          <reporter-output>
          </reporter-output>
        </test-method> <!-- close -->
        <test-method is-config="true" signature="startup()[pri:0, instance:Testcases.Tc_05_Homepage@35841320]" started-at="2024-01-23T12:21:04 IST" name="startup" finished-at="2024-01-23T12:21:07 IST" duration-ms="2307" status="PASS">
          <reporter-output>
          </reporter-output>
        </test-method> <!-- startup -->
        <test-method signature="CheckTitleOfAllMenu(java.lang.String,java.lang.String)[pri:5, instance:Testcases.Tc_05_Homepage@35841320]" started-at="2024-01-23T12:21:07 IST" name="CheckTitleOfAllMenu" data-provider="Testdata" finished-at="2024-01-23T12:21:24 IST" duration-ms="17425" status="PASS">
          <params>
            <param index="0">
              <value>
                <![CDATA[Gift Ideas]]>
              </value>
            </param>
            <param index="1">
              <value>
                <![CDATA[Gift Ideas 2023: Best Gifts to Give This Year - Best Buy]]>
              </value>
            </param>
          </params>
          <reporter-output>
          </reporter-output>
        </test-method> <!-- CheckTitleOfAllMenu -->
        <test-method is-config="true" signature="close()[pri:0, instance:Testcases.Tc_05_Homepage@35841320]" started-at="2024-01-23T12:21:24 IST" name="close" finished-at="2024-01-23T12:21:25 IST" duration-ms="271" status="PASS">
          <reporter-output>
          </reporter-output>
        </test-method> <!-- close -->
        <test-method is-config="true" signature="startup()[pri:0, instance:Testcases.Tc_05_Homepage@35841320]" started-at="2024-01-23T12:21:25 IST" name="startup" finished-at="2024-01-23T12:21:27 IST" duration-ms="2729" status="PASS">
          <reporter-output>
          </reporter-output>
        </test-method> <!-- startup -->
        <test-method signature="CheckTitleOfAllMenu(java.lang.String,java.lang.String)[pri:5, instance:Testcases.Tc_05_Homepage@35841320]" started-at="2024-01-23T12:21:27 IST" name="CheckTitleOfAllMenu" data-provider="Testdata" finished-at="2024-01-23T12:21:35 IST" duration-ms="7320" status="PASS">
          <params>
            <param index="0">
              <value>
                <![CDATA[Yardbird]]>
              </value>
            </param>
            <param index="1">
              <value>
                <![CDATA[Beautiful Outdoor Living For All]]>
              </value>
            </param>
          </params>
          <reporter-output>
          </reporter-output>
        </test-method> <!-- CheckTitleOfAllMenu -->
        <test-method is-config="true" signature="close()[pri:0, instance:Testcases.Tc_05_Homepage@35841320]" started-at="2024-01-23T12:21:35 IST" name="close" finished-at="2024-01-23T12:21:35 IST" duration-ms="177" status="PASS">
          <reporter-output>
          </reporter-output>
        </test-method> <!-- close -->
        <test-method is-config="true" signature="startup()[pri:0, instance:Testcases.Tc_05_Homepage@35841320]" started-at="2024-01-23T12:21:35 IST" name="startup" finished-at="2024-01-23T12:21:38 IST" duration-ms="2428" status="PASS">
          <reporter-output>
          </reporter-output>
        </test-method> <!-- startup -->
        <test-method signature="CheckTitleOfAllMenu(java.lang.String,java.lang.String)[pri:5, instance:Testcases.Tc_05_Homepage@35841320]" started-at="2024-01-23T12:21:38 IST" name="CheckTitleOfAllMenu" data-provider="Testdata" finished-at="2024-01-23T12:21:47 IST" duration-ms="9753" status="PASS">
          <params>
            <param index="0">
              <value>
                <![CDATA[Best Buy Outlet]]>
              </value>
            </param>
            <param index="1">
              <value>
                <![CDATA[Best Buy Outlet: Clearance Electronics Outlet Store – Best Buy]]>
              </value>
            </param>
          </params>
          <reporter-output>
          </reporter-output>
        </test-method> <!-- CheckTitleOfAllMenu -->
        <test-method is-config="true" signature="close()[pri:0, instance:Testcases.Tc_05_Homepage@35841320]" started-at="2024-01-23T12:21:48 IST" name="close" finished-at="2024-01-23T12:21:48 IST" duration-ms="250" status="PASS">
          <reporter-output>
          </reporter-output>
        </test-method> <!-- close -->
        <test-method is-config="true" signature="startup()[pri:0, instance:Testcases.Tc_05_Homepage@35841320]" started-at="2024-01-23T12:21:48 IST" name="startup" finished-at="2024-01-23T12:21:52 IST" duration-ms="3942" status="PASS">
          <reporter-output>
          </reporter-output>
        </test-method> <!-- startup -->
        <test-method signature="CheckTitleOfAllMenu(java.lang.String,java.lang.String)[pri:5, instance:Testcases.Tc_05_Homepage@35841320]" started-at="2024-01-23T12:21:52 IST" name="CheckTitleOfAllMenu" data-provider="Testdata" finished-at="2024-01-23T12:22:03 IST" duration-ms="10796" status="PASS">
          <params>
            <param index="0">
              <value>
                <![CDATA[Best Buy Business]]>
              </value>
            </param>
            <param index="1">
              <value>
                <![CDATA[Best Buy for Business - Best Buy]]>
              </value>
            </param>
          </params>
          <reporter-output>
          </reporter-output>
        </test-method> <!-- CheckTitleOfAllMenu -->
        <test-method is-config="true" signature="close()[pri:0, instance:Testcases.Tc_05_Homepage@35841320]" started-at="2024-01-23T12:22:03 IST" name="close" finished-at="2024-01-23T12:22:03 IST" duration-ms="225" status="PASS">
          <reporter-output>
          </reporter-output>
        </test-method> <!-- close -->
        <test-method is-config="true" signature="startup()[pri:0, instance:Testcases.Tc_05_Homepage@35841320]" started-at="2024-01-23T12:22:03 IST" name="startup" finished-at="2024-01-23T12:22:06 IST" duration-ms="2532" status="PASS">
          <reporter-output>
          </reporter-output>
        </test-method> <!-- startup -->
        <test-method signature="validate_BottomLink_HomePage()[pri:6, instance:Testcases.Tc_05_Homepage@35841320]" started-at="2024-01-23T12:22:06 IST" name="validate_BottomLink_HomePage" finished-at="2024-01-23T12:22:29 IST" duration-ms="23180" status="PASS">
          <reporter-output>
          </reporter-output>
        </test-method> <!-- validate_BottomLink_HomePage -->
        <test-method is-config="true" signature="close()[pri:0, instance:Testcases.Tc_05_Homepage@35841320]" started-at="2024-01-23T12:22:29 IST" name="close" finished-at="2024-01-23T12:22:30 IST" duration-ms="239" status="PASS">
          <reporter-output>
          </reporter-output>
        </test-method> <!-- close -->
      </class> <!-- Testcases.Tc_05_Homepage -->
      <class name="Testcases.Tc_09_Checkout_fillingpage">
        <test-method is-config="true" signature="startup()[pri:0, instance:Testcases.Tc_09_Checkout_fillingpage@1972e513]" started-at="2024-01-23T12:18:25 IST" name="startup" finished-at="2024-01-23T12:18:27 IST" duration-ms="2124" status="PASS">
          <reporter-output>
          </reporter-output>
        </test-method> <!-- startup -->
        <test-method signature="CheckOutPageFillingas_using_guest()[pri:10, instance:Testcases.Tc_09_Checkout_fillingpage@1972e513]" started-at="2024-01-23T12:18:27 IST" name="CheckOutPageFillingas_using_guest" finished-at="2024-01-23T12:19:16 IST" duration-ms="48487" status="PASS">
          <reporter-output>
          </reporter-output>
        </test-method> <!-- CheckOutPageFillingas_using_guest -->
        <test-method is-config="true" signature="close()[pri:0, instance:Testcases.Tc_09_Checkout_fillingpage@1972e513]" started-at="2024-01-23T12:19:16 IST" name="close" finished-at="2024-01-23T12:19:16 IST" duration-ms="366" status="PASS">
          <reporter-output>
          </reporter-output>
        </test-method> <!-- close -->
      </class> <!-- Testcases.Tc_09_Checkout_fillingpage -->
      <class name="Testcases.Tc_01_Navigatetowebpage">
        <test-method is-config="true" signature="startup()[pri:0, instance:Testcases.Tc_01_Navigatetowebpage@61c4eee0]" started-at="2024-01-23T12:22:30 IST" name="startup" finished-at="2024-01-23T12:22:31 IST" duration-ms="1609" status="PASS">
          <reporter-output>
          </reporter-output>
        </test-method> <!-- startup -->
        <test-method signature="NavigatingToBestBestApp()[pri:1, instance:Testcases.Tc_01_Navigatetowebpage@61c4eee0]" started-at="2024-01-23T12:22:31 IST" name="NavigatingToBestBestApp" finished-at="2024-01-23T12:22:38 IST" duration-ms="6866" status="PASS">
          <reporter-output>
          </reporter-output>
        </test-method> <!-- NavigatingToBestBestApp -->
        <test-method is-config="true" signature="close()[pri:0, instance:Testcases.Tc_01_Navigatetowebpage@61c4eee0]" started-at="2024-01-23T12:22:38 IST" name="close" finished-at="2024-01-23T12:22:39 IST" duration-ms="191" status="PASS">
          <reporter-output>
          </reporter-output>
        </test-method> <!-- close -->
      </class> <!-- Testcases.Tc_01_Navigatetowebpage -->
      <class name="Testcases.Tc_06_Search_additem">
        <test-method is-config="true" signature="startup()[pri:0, instance:Testcases.Tc_06_Search_additem@7ae0a9ec]" started-at="2024-01-23T12:19:16 IST" name="startup" finished-at="2024-01-23T12:19:19 IST" duration-ms="2841" status="PASS">
          <reporter-output>
          </reporter-output>
        </test-method> <!-- startup -->
        <test-method signature="SearchAddItemInCart()[pri:7, instance:Testcases.Tc_06_Search_additem@7ae0a9ec]" started-at="2024-01-23T12:19:19 IST" name="SearchAddItemInCart" finished-at="2024-01-23T12:19:51 IST" duration-ms="32021" status="PASS">
          <reporter-output>
          </reporter-output>
        </test-method> <!-- SearchAddItemInCart -->
        <test-method is-config="true" signature="close()[pri:0, instance:Testcases.Tc_06_Search_additem@7ae0a9ec]" started-at="2024-01-23T12:19:51 IST" name="close" finished-at="2024-01-23T12:19:52 IST" duration-ms="304" status="PASS">
          <reporter-output>
          </reporter-output>
        </test-method> <!-- close -->
      </class> <!-- Testcases.Tc_06_Search_additem -->
      <class name="Testcases.Tc_07_Menu_shop_by_Dept">
        <test-method is-config="true" signature="startup()[pri:0, instance:Testcases.Tc_07_Menu_shop_by_Dept@305ffe9e]" started-at="2024-01-23T12:17:30 IST" name="startup" finished-at="2024-01-23T12:17:32 IST" duration-ms="1963" status="PASS">
          <reporter-output>
          </reporter-output>
        </test-method> <!-- startup -->
        <test-method signature="SelAddItemShopByDeptMenu()[pri:8, instance:Testcases.Tc_07_Menu_shop_by_Dept@305ffe9e]" started-at="2024-01-23T12:17:32 IST" name="SelAddItemShopByDeptMenu" finished-at="2024-01-23T12:18:03 IST" duration-ms="30835" status="PASS">
          <reporter-output>
          </reporter-output>
        </test-method> <!-- SelAddItemShopByDeptMenu -->
        <test-method is-config="true" signature="close()[pri:0, instance:Testcases.Tc_07_Menu_shop_by_Dept@305ffe9e]" started-at="2024-01-23T12:18:03 IST" name="close" finished-at="2024-01-23T12:18:03 IST" duration-ms="306" status="PASS">
          <reporter-output>
          </reporter-output>
        </test-method> <!-- close -->
      </class> <!-- Testcases.Tc_07_Menu_shop_by_Dept -->
      <class name="Testcases.Tc_04_Siginpage">
        <test-method is-config="true" signature="setup()[pri:0, instance:Testcases.Tc_04_Siginpage@609e8838]" started-at="2024-01-23T12:16:16 IST" name="setup" finished-at="2024-01-23T12:16:16 IST" duration-ms="1" status="PASS">
          <reporter-output>
          </reporter-output>
        </test-method> <!-- setup -->
        <test-method is-config="true" signature="startup()[pri:0, instance:Testcases.Tc_04_Siginpage@609e8838]" started-at="2024-01-23T12:16:16 IST" name="startup" finished-at="2024-01-23T12:16:19 IST" duration-ms="2722" status="PASS">
          <reporter-output>
          </reporter-output>
        </test-method> <!-- startup -->
        <test-method signature="SignIn(java.lang.String,java.lang.String)[pri:4, instance:Testcases.Tc_04_Siginpage@609e8838]" started-at="2024-01-23T12:16:19 IST" name="SignIn" data-provider="Testdata" finished-at="2024-01-23T12:16:34 IST" duration-ms="14999" status="PASS">
          <params>
            <param index="0">
              <value>
                <![CDATA[dummytesting@gmail.com]]>
              </value>
            </param>
            <param index="1">
              <value>
                <![CDATA[Testing]]>
              </value>
            </param>
          </params>
          <reporter-output>
          </reporter-output>
        </test-method> <!-- SignIn -->
        <test-method is-config="true" signature="close()[pri:0, instance:Testcases.Tc_04_Siginpage@609e8838]" started-at="2024-01-23T12:16:34 IST" name="close" finished-at="2024-01-23T12:16:35 IST" duration-ms="295" status="PASS">
          <reporter-output>
          </reporter-output>
        </test-method> <!-- close -->
        <test-method is-config="true" signature="startup()[pri:0, instance:Testcases.Tc_04_Siginpage@609e8838]" started-at="2024-01-23T12:16:35 IST" name="startup" finished-at="2024-01-23T12:16:38 IST" duration-ms="2971" status="PASS">
          <reporter-output>
          </reporter-output>
        </test-method> <!-- startup -->
        <test-method signature="SignIn(java.lang.String,java.lang.String)[pri:4, instance:Testcases.Tc_04_Siginpage@609e8838]" started-at="2024-01-23T12:16:38 IST" name="SignIn" data-provider="Testdata" finished-at="2024-01-23T12:16:54 IST" duration-ms="16229" status="PASS">
          <params>
            <param index="0">
              <value>
                <![CDATA[dummytesting23541@gmail.com]]>
              </value>
            </param>
            <param index="1">
              <value>
                <![CDATA[`]]>
              </value>
            </param>
          </params>
          <reporter-output>
          </reporter-output>
        </test-method> <!-- SignIn -->
        <test-method is-config="true" signature="close()[pri:0, instance:Testcases.Tc_04_Siginpage@609e8838]" started-at="2024-01-23T12:16:54 IST" name="close" finished-at="2024-01-23T12:16:54 IST" duration-ms="203" status="PASS">
          <reporter-output>
          </reporter-output>
        </test-method> <!-- close -->
        <test-method is-config="true" signature="startup()[pri:0, instance:Testcases.Tc_04_Siginpage@609e8838]" started-at="2024-01-23T12:16:54 IST" name="startup" finished-at="2024-01-23T12:16:57 IST" duration-ms="2896" status="PASS">
          <reporter-output>
          </reporter-output>
        </test-method> <!-- startup -->
        <test-method signature="SignIn(java.lang.String,java.lang.String)[pri:4, instance:Testcases.Tc_04_Siginpage@609e8838]" started-at="2024-01-23T12:16:57 IST" name="SignIn" data-provider="Testdata" finished-at="2024-01-23T12:17:12 IST" duration-ms="14598" status="PASS">
          <params>
            <param index="0">
              <value>
                <![CDATA[`]]>
              </value>
            </param>
            <param index="1">
              <value>
                <![CDATA[Testing@1234567890#]]>
              </value>
            </param>
          </params>
          <reporter-output>
          </reporter-output>
        </test-method> <!-- SignIn -->
        <test-method is-config="true" signature="close()[pri:0, instance:Testcases.Tc_04_Siginpage@609e8838]" started-at="2024-01-23T12:17:12 IST" name="close" finished-at="2024-01-23T12:17:12 IST" duration-ms="208" status="PASS">
          <reporter-output>
          </reporter-output>
        </test-method> <!-- close -->
        <test-method is-config="true" signature="startup()[pri:0, instance:Testcases.Tc_04_Siginpage@609e8838]" started-at="2024-01-23T12:17:12 IST" name="startup" finished-at="2024-01-23T12:17:14 IST" duration-ms="2162" status="PASS">
          <reporter-output>
          </reporter-output>
        </test-method> <!-- startup -->
        <test-method signature="SignIn(java.lang.String,java.lang.String)[pri:4, instance:Testcases.Tc_04_Siginpage@609e8838]" started-at="2024-01-23T12:17:14 IST" name="SignIn" data-provider="Testdata" finished-at="2024-01-23T12:17:30 IST" duration-ms="15253" status="PASS">
          <params>
            <param index="0">
              <value>
                <![CDATA[dummytesting23541@gmail.com]]>
              </value>
            </param>
            <param index="1">
              <value>
                <![CDATA[Testing@1234567890#]]>
              </value>
            </param>
          </params>
          <reporter-output>
          </reporter-output>
        </test-method> <!-- SignIn -->
        <test-method is-config="true" signature="close()[pri:0, instance:Testcases.Tc_04_Siginpage@609e8838]" started-at="2024-01-23T12:17:30 IST" name="close" finished-at="2024-01-23T12:17:30 IST" duration-ms="224" status="PASS">
          <reporter-output>
          </reporter-output>
        </test-method> <!-- close -->
      </class> <!-- Testcases.Tc_04_Siginpage -->
      <class name="Testcases.Tc_03_CreateaccountpageTest">
        <test-method is-config="true" signature="setup()[pri:0, instance:Testcases.Tc_03_CreateaccountpageTest@1040be71]" started-at="2024-01-23T12:16:16 IST" name="setup" finished-at="2024-01-23T12:16:16 IST" duration-ms="11" status="PASS">
          <reporter-output>
          </reporter-output>
        </test-method> <!-- setup -->
        <test-method is-config="true" signature="startup()[pri:0, instance:Testcases.Tc_03_CreateaccountpageTest@1040be71]" started-at="2024-01-23T12:23:09 IST" name="startup" finished-at="2024-01-23T12:23:11 IST" duration-ms="2052" status="PASS">
          <reporter-output>
          </reporter-output>
        </test-method> <!-- startup -->
        <test-method signature="ValidateCreatAccountFunctionality(java.lang.String,java.lang.String,java.lang.String,java.lang.String,java.lang.String,java.lang.String)[pri:3, instance:Testcases.Tc_03_CreateaccountpageTest@1040be71]" started-at="2024-01-23T12:23:11 IST" name="ValidateCreatAccountFunctionality" data-provider="Testdata" finished-at="2024-01-23T12:23:27 IST" duration-ms="16128" status="PASS">
          <params>
            <param index="0">
              <value>
                <![CDATA[Testing]]>
              </value>
            </param>
            <param index="1">
              <value>
                <![CDATA[`]]>
              </value>
            </param>
            <param index="2">
              <value>
                <![CDATA[dummytesting23541@gmail.com]]>
              </value>
            </param>
            <param index="3">
              <value>
                <![CDATA[Testing@1234567890#]]>
              </value>
            </param>
            <param index="4">
              <value>
                <![CDATA[Testing@1234567890#]]>
              </value>
            </param>
            <param index="5">
              <value>
                <![CDATA[8965847854]]>
              </value>
            </param>
          </params>
          <reporter-output>
          </reporter-output>
        </test-method> <!-- ValidateCreatAccountFunctionality -->
        <test-method is-config="true" signature="close()[pri:0, instance:Testcases.Tc_03_CreateaccountpageTest@1040be71]" started-at="2024-01-23T12:23:27 IST" name="close" finished-at="2024-01-23T12:23:28 IST" duration-ms="294" status="PASS">
          <reporter-output>
          </reporter-output>
        </test-method> <!-- close -->
        <test-method is-config="true" signature="startup()[pri:0, instance:Testcases.Tc_03_CreateaccountpageTest@1040be71]" started-at="2024-01-23T12:23:28 IST" name="startup" finished-at="2024-01-23T12:23:30 IST" duration-ms="2045" status="PASS">
          <reporter-output>
          </reporter-output>
        </test-method> <!-- startup -->
        <test-method signature="ValidateCreatAccountFunctionality(java.lang.String,java.lang.String,java.lang.String,java.lang.String,java.lang.String,java.lang.String)[pri:3, instance:Testcases.Tc_03_CreateaccountpageTest@1040be71]" started-at="2024-01-23T12:23:30 IST" name="ValidateCreatAccountFunctionality" data-provider="Testdata" finished-at="2024-01-23T12:23:46 IST" duration-ms="16397" status="PASS">
          <params>
            <param index="0">
              <value>
                <![CDATA[`]]>
              </value>
            </param>
            <param index="1">
              <value>
                <![CDATA[test]]>
              </value>
            </param>
            <param index="2">
              <value>
                <![CDATA[dummytesting23541@gmail.com]]>
              </value>
            </param>
            <param index="3">
              <value>
                <![CDATA[Testing@1234567890#]]>
              </value>
            </param>
            <param index="4">
              <value>
                <![CDATA[Testing@1234567890#]]>
              </value>
            </param>
            <param index="5">
              <value>
                <![CDATA[8965847854]]>
              </value>
            </param>
          </params>
          <reporter-output>
          </reporter-output>
        </test-method> <!-- ValidateCreatAccountFunctionality -->
        <test-method is-config="true" signature="close()[pri:0, instance:Testcases.Tc_03_CreateaccountpageTest@1040be71]" started-at="2024-01-23T12:23:46 IST" name="close" finished-at="2024-01-23T12:23:47 IST" duration-ms="234" status="PASS">
          <reporter-output>
          </reporter-output>
        </test-method> <!-- close -->
        <test-method is-config="true" signature="startup()[pri:0, instance:Testcases.Tc_03_CreateaccountpageTest@1040be71]" started-at="2024-01-23T12:23:47 IST" name="startup" finished-at="2024-01-23T12:23:49 IST" duration-ms="2853" status="PASS">
          <reporter-output>
          </reporter-output>
        </test-method> <!-- startup -->
        <test-method signature="ValidateCreatAccountFunctionality(java.lang.String,java.lang.String,java.lang.String,java.lang.String,java.lang.String,java.lang.String)[pri:3, instance:Testcases.Tc_03_CreateaccountpageTest@1040be71]" started-at="2024-01-23T12:23:49 IST" name="ValidateCreatAccountFunctionality" data-provider="Testdata" finished-at="2024-01-23T12:24:08 IST" duration-ms="18395" status="PASS">
          <params>
            <param index="0">
              <value>
                <![CDATA[Testing]]>
              </value>
            </param>
            <param index="1">
              <value>
                <![CDATA[test]]>
              </value>
            </param>
            <param index="2">
              <value>
                <![CDATA[dummytesting23541.com]]>
              </value>
            </param>
            <param index="3">
              <value>
                <![CDATA[Testing@1234567890#]]>
              </value>
            </param>
            <param index="4">
              <value>
                <![CDATA[Testing@1234567890#]]>
              </value>
            </param>
            <param index="5">
              <value>
                <![CDATA[8965847854]]>
              </value>
            </param>
          </params>
          <reporter-output>
          </reporter-output>
        </test-method> <!-- ValidateCreatAccountFunctionality -->
        <test-method is-config="true" signature="close()[pri:0, instance:Testcases.Tc_03_CreateaccountpageTest@1040be71]" started-at="2024-01-23T12:24:08 IST" name="close" finished-at="2024-01-23T12:24:08 IST" duration-ms="211" status="PASS">
          <reporter-output>
          </reporter-output>
        </test-method> <!-- close -->
        <test-method is-config="true" signature="startup()[pri:0, instance:Testcases.Tc_03_CreateaccountpageTest@1040be71]" started-at="2024-01-23T12:24:08 IST" name="startup" finished-at="2024-01-23T12:24:12 IST" duration-ms="3636" status="PASS">
          <reporter-output>
          </reporter-output>
        </test-method> <!-- startup -->
        <test-method signature="ValidateCreatAccountFunctionality(java.lang.String,java.lang.String,java.lang.String,java.lang.String,java.lang.String,java.lang.String)[pri:3, instance:Testcases.Tc_03_CreateaccountpageTest@1040be71]" started-at="2024-01-23T12:24:12 IST" name="ValidateCreatAccountFunctionality" data-provider="Testdata" finished-at="2024-01-23T12:24:31 IST" duration-ms="18881" status="PASS">
          <params>
            <param index="0">
              <value>
                <![CDATA[Testing]]>
              </value>
            </param>
            <param index="1">
              <value>
                <![CDATA[test]]>
              </value>
            </param>
            <param index="2">
              <value>
                <![CDATA[dummytesting23541@gmail.com]]>
              </value>
            </param>
            <param index="3">
              <value>
                <![CDATA[Testing@1234567890#]]>
              </value>
            </param>
            <param index="4">
              <value>
                <![CDATA[`]]>
              </value>
            </param>
            <param index="5">
              <value>
                <![CDATA[8965847854]]>
              </value>
            </param>
          </params>
          <reporter-output>
          </reporter-output>
        </test-method> <!-- ValidateCreatAccountFunctionality -->
        <test-method is-config="true" signature="close()[pri:0, instance:Testcases.Tc_03_CreateaccountpageTest@1040be71]" started-at="2024-01-23T12:24:31 IST" name="close" finished-at="2024-01-23T12:24:31 IST" duration-ms="261" status="PASS">
          <reporter-output>
          </reporter-output>
        </test-method> <!-- close -->
        <test-method is-config="true" signature="startup()[pri:0, instance:Testcases.Tc_03_CreateaccountpageTest@1040be71]" started-at="2024-01-23T12:24:31 IST" name="startup" finished-at="2024-01-23T12:24:33 IST" duration-ms="1921" status="PASS">
          <reporter-output>
          </reporter-output>
        </test-method> <!-- startup -->
        <test-method signature="ValidateCreatAccountFunctionality(java.lang.String,java.lang.String,java.lang.String,java.lang.String,java.lang.String,java.lang.String)[pri:3, instance:Testcases.Tc_03_CreateaccountpageTest@1040be71]" started-at="2024-01-23T12:24:33 IST" name="ValidateCreatAccountFunctionality" data-provider="Testdata" finished-at="2024-01-23T12:24:56 IST" duration-ms="23224" status="PASS">
          <params>
            <param index="0">
              <value>
                <![CDATA[Testing]]>
              </value>
            </param>
            <param index="1">
              <value>
                <![CDATA[test]]>
              </value>
            </param>
            <param index="2">
              <value>
                <![CDATA[dummytesting23541@gmail.com]]>
              </value>
            </param>
            <param index="3">
              <value>
                <![CDATA[`]]>
              </value>
            </param>
            <param index="4">
              <value>
                <![CDATA[Testing@1234567890#]]>
              </value>
            </param>
            <param index="5">
              <value>
                <![CDATA[8965847854]]>
              </value>
            </param>
          </params>
          <reporter-output>
          </reporter-output>
        </test-method> <!-- ValidateCreatAccountFunctionality -->
        <test-method is-config="true" signature="close()[pri:0, instance:Testcases.Tc_03_CreateaccountpageTest@1040be71]" started-at="2024-01-23T12:24:56 IST" name="close" finished-at="2024-01-23T12:24:57 IST" duration-ms="275" status="PASS">
          <reporter-output>
          </reporter-output>
        </test-method> <!-- close -->
        <test-method is-config="true" signature="startup()[pri:0, instance:Testcases.Tc_03_CreateaccountpageTest@1040be71]" started-at="2024-01-23T12:24:57 IST" name="startup" finished-at="2024-01-23T12:24:59 IST" duration-ms="2257" status="PASS">
          <reporter-output>
          </reporter-output>
        </test-method> <!-- startup -->
        <test-method signature="ValidateCreatAccountFunctionality(java.lang.String,java.lang.String,java.lang.String,java.lang.String,java.lang.String,java.lang.String)[pri:3, instance:Testcases.Tc_03_CreateaccountpageTest@1040be71]" started-at="2024-01-23T12:24:59 IST" name="ValidateCreatAccountFunctionality" data-provider="Testdata" finished-at="2024-01-23T12:25:15 IST" duration-ms="15934" status="PASS">
          <params>
            <param index="0">
              <value>
                <![CDATA[Testing]]>
              </value>
            </param>
            <param index="1">
              <value>
                <![CDATA[test]]>
              </value>
            </param>
            <param index="2">
              <value>
                <![CDATA[dummytesting23541@gmail.com]]>
              </value>
            </param>
            <param index="3">
              <value>
                <![CDATA[Testing@1234567890#]]>
              </value>
            </param>
            <param index="4">
              <value>
                <![CDATA[Testing@1234567890#]]>
              </value>
            </param>
            <param index="5">
              <value>
                <![CDATA[`]]>
              </value>
            </param>
          </params>
          <reporter-output>
          </reporter-output>
        </test-method> <!-- ValidateCreatAccountFunctionality -->
        <test-method is-config="true" signature="close()[pri:0, instance:Testcases.Tc_03_CreateaccountpageTest@1040be71]" started-at="2024-01-23T12:25:15 IST" name="close" finished-at="2024-01-23T12:25:15 IST" duration-ms="255" status="PASS">
          <reporter-output>
          </reporter-output>
        </test-method> <!-- close -->
        <test-method is-config="true" signature="startup()[pri:0, instance:Testcases.Tc_03_CreateaccountpageTest@1040be71]" started-at="2024-01-23T12:25:15 IST" name="startup" finished-at="2024-01-23T12:25:18 IST" duration-ms="2920" status="PASS">
          <reporter-output>
          </reporter-output>
        </test-method> <!-- startup -->
        <test-method signature="ValidateCreatAccountFunctionality(java.lang.String,java.lang.String,java.lang.String,java.lang.String,java.lang.String,java.lang.String)[pri:3, instance:Testcases.Tc_03_CreateaccountpageTest@1040be71]" started-at="2024-01-23T12:25:18 IST" name="ValidateCreatAccountFunctionality" data-provider="Testdata" finished-at="2024-01-23T12:25:36 IST" duration-ms="17693" status="PASS">
          <params>
            <param index="0">
              <value>
                <![CDATA[Testing]]>
              </value>
            </param>
            <param index="1">
              <value>
                <![CDATA[test]]>
              </value>
            </param>
            <param index="2">
              <value>
                <![CDATA[dummytesting23541@gmail.com]]>
              </value>
            </param>
            <param index="3">
              <value>
                <![CDATA[Testing@1234567890#]]>
              </value>
            </param>
            <param index="4">
              <value>
                <![CDATA[Testing@1234567890#]]>
              </value>
            </param>
            <param index="5">
              <value>
                <![CDATA[8965847854]]>
              </value>
            </param>
          </params>
          <reporter-output>
          </reporter-output>
        </test-method> <!-- ValidateCreatAccountFunctionality -->
        <test-method is-config="true" signature="close()[pri:0, instance:Testcases.Tc_03_CreateaccountpageTest@1040be71]" started-at="2024-01-23T12:25:36 IST" name="close" finished-at="2024-01-23T12:25:36 IST" duration-ms="195" status="PASS">
          <reporter-output>
          </reporter-output>
        </test-method> <!-- close -->
      </class> <!-- Testcases.Tc_03_CreateaccountpageTest -->
    </test> <!-- Test -->
  </suite> <!-- Suite -->
</testng-results>
