<?xml version="1.0" encoding="UTF-8"?>
<testsuite xmlns:xsi="http://www.w3.org/2001/XMLSchema-instance" xsi:noNamespaceSchemaLocation="https://maven.apache.org/surefire/maven-surefire-plugin/xsd/surefire-test-report-3.0.xsd" version="3.0" name="TestSuite" time="521.609" tests="27" errors="0" skipped="0" failures="1">
  <properties>
[...]
</properties>
  <testcase name="SignIn[dummytesting@gmail.com, Testing](1)" classname="Testcases.Tc_04_Siginpage" time="21.575">
    <system-err><![CDATA[SLF4J: Failed to load class "org.slf4j.impl.StaticLoggerBinder".
SLF4J: Defaulting to no-operation (NOP) logger implementation
SLF4J: See http://www.slf4j.org/codes.html#StaticLoggerBinder for further details.
ERROR StatusLogger Log4j2 could not find a logging implementation. Please add log4j-core to the classpath. Using SimpleLogger to log to the console...
]]></system-err>
  </testcase>
  <testcase name="SignIn[dummytesting23541@gmail.com, `](2)" classname="Testcases.Tc_04_Siginpage" time="12.907"/>
  <testcase name="SignIn[`, Testing@1234567890#](3)" classname="Testcases.Tc_04_Siginpage" time="11.576"/>
  <testcase name="SignIn[dummytesting23541@gmail.com, Testing@1234567890#](4)" classname="Testcases.Tc_04_Siginpage" time="13.089"/>
  <testcase name="SelAddItemShopByDeptMenu" classname="Testcases.Tc_07_Menu_shop_by_Dept" time="33.164"/>
  <testcase name="ValidateUrlIsNotBroken" classname="Testcases.Tc_02_Verify_LinkBroken" time="19.65">
    <system-out><![CDATA[Link is Not Broken
]]></system-out>
  </testcase>
  <testcase name="CheckOutPageFillingas_using_guest" classname="Testcases.Tc_09_Checkout_fillingpage" time="59.069"/>
  <testcase name="CheckTitleOfAllMenu[Top Deals, Top Deals and Featured Offers on Electronics - Best Buy](1)" classname="Testcases.Tc_05_Homepage" time="12.079"/>
  <testcase name="CheckTitleOfAllMenu[Deal of the Day, Deal of the Day: Electronics Deals - Best Buy](2)" classname="Testcases.Tc_05_Homepage" time="10.833"/>
  <testcase name="CheckTitleOfAllMenu[My Best Buy Memberships, My Best Buy Memberships](3)" classname="Testcases.Tc_05_Homepage" time="15.578"/>
  <testcase name="CheckTitleOfAllMenu[Credit Cards, Best Buy Credit Card: Rewards &amp; Financing](4)" classname="Testcases.Tc_05_Homepage" time="10.036"/>
  <testcase name="CheckTitleOfAllMenu[Gift Cards, Gifts Cards and E-Gift Cards - Best Buy](5)" classname="Testcases.Tc_05_Homepage" time="10.223"/>
  <testcase name="CheckTitleOfAllMenu[Gift Ideas, Gift Ideas 2023: Best Gifts to Give This Year - Best Buy](6)" classname="Testcases.Tc_05_Homepage" time="12.199"/>
  <testcase name="CheckTitleOfAllMenu[Yardbird, Beautiful Outdoor Living For All](7)" classname="Testcases.Tc_05_Homepage" time="6.998"/>
  <testcase name="CheckTitleOfAllMenu[Best Buy Outlet, Best Buy Outlet: Clearance Electronics Outlet Store – Best Buy](8)" classname="Testcases.Tc_05_Homepage" time="9.999"/>
  <testcase name="CheckTitleOfAllMenu[Best Buy Business, Best Buy for Business - Best Buy](9)" classname="Testcases.Tc_05_Homepage" time="11.086"/>
  <testcase name="validate_BottomLink_HomePage" classname="Testcases.Tc_05_Homepage" time="9.577">
    <system-out><![CDATA[Validate bottom link is Pass
]]></system-out>
  </testcase>
  <testcase name="SearchAddItemInCart" classname="Testcases.Tc_06_Search_additem" time="30.659"/>
  <testcase name="NavigatingToBestBestApp" classname="Testcases.Tc_01_Navigatetowebpage" time="7.047"/>
  <testcase name="AddItemShopByBrandMenu" classname="Testcases.Tc_08_Menu_Brand_Select" time="6.787">
    <failure message="element click intercepted: Element &lt;button class=&quot;c-button-unstyled hamburger-menu-button&quot; type=&quot;button&quot; aria-controls=&quot;flyout-container&quot; aria-expanded=&quot;false&quot; aria-label=&quot;Menu&quot; data-t=&quot;hamburger-navigation-button&quot;&gt;...&lt;/button&gt; is not clickable at point (198, 77). Other element would receive the click: &lt;div id=&quot;confirmIt-backdrop&quot; class=&quot;confirmIt modal-backdrop in&quot;&gt;&lt;/div&gt;&#10;  (Session info: chrome=120.0.6099.200)&#10;Build info: version: &apos;4.16.1&apos;, revision: &apos;9b4c83354e&apos;&#10;System info: os.name: &apos;Windows 11&apos;, os.arch: &apos;amd64&apos;, os.version: &apos;10.0&apos;, java.version: &apos;17.0.9&apos;&#10;Driver info: org.openqa.selenium.chrome.ChromeDriver&#10;Command: [26e07c0f3a459e6ccd1d28e9dfbdf3bc, clickElement {id=DEB64769C922F9CD132A1C71387D2541_element_60}]&#10;Capabilities {acceptInsecureCerts: false, browserName: chrome, browserVersion: 120.0.6099.200, chrome: {chromedriverVersion: 120.0.6099.109 (3419140ab66..., userDataDir: C:\Users\karth\AppData\Loca...}, fedcm:accounts: true, goog:chromeOptions: {debuggerAddress: localhost:62489}, networkConnectionEnabled: false, pageLoadStrategy: normal, platformName: windows, proxy: Proxy(), se:cdp: ws://localhost:62489/devtoo..., se:cdpVersion: 120.0.6099.200, setWindowRect: true, strictFileInteractability: false, timeouts: {implicit: 0, pageLoad: 300000, script: 30000}, unhandledPromptBehavior: dismiss and notify, webauthn:extension:credBlob: true, webauthn:extension:largeBlob: true, webauthn:extension:minPinLength: true, webauthn:extension:prf: true, webauthn:virtualAuthenticators: true}&#10;Element: [[ChromeDriver: chrome on windows (26e07c0f3a459e6ccd1d28e9dfbdf3bc)] -&gt; xpath: //button[@aria-label=&apos;Menu&apos;]]&#10;Session ID: 26e07c0f3a459e6ccd1d28e9dfbdf3bc" type="org.openqa.selenium.ElementClickInterceptedException"><![CDATA[org.openqa.selenium.ElementClickInterceptedException: 
element click intercepted: Element <button class="c-button-unstyled hamburger-menu-button" type="button" aria-controls="flyout-container" aria-expanded="false" aria-label="Menu" data-t="hamburger-navigation-button">...</button> is not clickable at point (198, 77). Other element would receive the click: <div id="confirmIt-backdrop" class="confirmIt modal-backdrop in"></div>
  (Session info: chrome=120.0.6099.200)
Build info: version: '4.16.1', revision: '9b4c83354e'
System info: os.name: 'Windows 11', os.arch: 'amd64', os.version: '10.0', java.version: '17.0.9'
Driver info: org.openqa.selenium.chrome.ChromeDriver
Command: [26e07c0f3a459e6ccd1d28e9dfbdf3bc, clickElement {id=DEB64769C922F9CD132A1C71387D2541_element_60}]
Capabilities {acceptInsecureCerts: false, browserName: chrome, browserVersion: 120.0.6099.200, chrome: {chromedriverVersion: 120.0.6099.109 (3419140ab66..., userDataDir: C:\Users\karth\AppData\Loca...}, fedcm:accounts: true, goog:chromeOptions: {debuggerAddress: localhost:62489}, networkConnectionEnabled: false, pageLoadStrategy: normal, platformName: windows, proxy: Proxy(), se:cdp: ws://localhost:62489/devtoo..., se:cdpVersion: 120.0.6099.200, setWindowRect: true, strictFileInteractability: false, timeouts: {implicit: 0, pageLoad: 300000, script: 30000}, unhandledPromptBehavior: dismiss and notify, webauthn:extension:credBlob: true, webauthn:extension:largeBlob: true, webauthn:extension:minPinLength: true, webauthn:extension:prf: true, webauthn:virtualAuthenticators: true}
Element: [[ChromeDriver: chrome on windows (26e07c0f3a459e6ccd1d28e9dfbdf3bc)] -> xpath: //button[@aria-label='Menu']]
Session ID: 26e07c0f3a459e6ccd1d28e9dfbdf3bc
	at Testcases.Tc_08_Menu_Brand_Select.AddItemShopByBrandMenu(Tc_08_Menu_Brand_Select.java:19)
]]></failure>
  </testcase>
  <testcase name="ValidateCreatAccountFunctionality[Testing, `, dummytesting23541@gmail.com, Testing@1234567890#, Testing@1234567890#, 8965847854](1)" classname="Testcases.Tc_03_CreateaccountpageTest" time="16.963"/>
  <testcase name="ValidateCreatAccountFunctionality[`, test, dummytesting23541@gmail.com, Testing@1234567890#, Testing@1234567890#, 8965847854](2)" classname="Testcases.Tc_03_CreateaccountpageTest" time="17.291"/>
  <testcase name="ValidateCreatAccountFunctionality[Testing, test, dummytesting23541.com, Testing@1234567890#, Testing@1234567890#, 8965847854](3)" classname="Testcases.Tc_03_CreateaccountpageTest" time="17.373"/>
  <testcase name="ValidateCreatAccountFunctionality[Testing, test, dummytesting23541@gmail.com, Testing@1234567890#, `, 8965847854](4)" classname="Testcases.Tc_03_CreateaccountpageTest" time="22.306"/>
  <testcase name="ValidateCreatAccountFunctionality[Testing, test, dummytesting23541@gmail.com, `, Testing@1234567890#, 8965847854](5)" classname="Testcases.Tc_03_CreateaccountpageTest" time="18.504"/>
  <testcase name="ValidateCreatAccountFunctionality[Testing, test, dummytesting23541@gmail.com, Testing@1234567890#, Testing@1234567890#, `](6)" classname="Testcases.Tc_03_CreateaccountpageTest" time="18.112"/>
  <testcase name="ValidateCreatAccountFunctionality[Testing, test, dummytesting23541@gmail.com, Testing@1234567890#, Testing@1234567890#, 8965847854](7)" classname="Testcases.Tc_03_CreateaccountpageTest" time="16.669"/>
</testsuite>