<?xml version="1.0" encoding="UTF-8"?>
<testng-results ignored="0" total="27" passed="27" failed="0" skipped="0">
  <reporter-output>
  </reporter-output>
  <suite started-at="2024-01-10T10:26:08 IST" name="Suite" finished-at="2024-01-10T10:36:03 IST" duration-ms="595343">
    <groups>
    </groups>
    <test started-at="2024-01-10T10:26:08 IST" name="Test" finished-at="2024-01-10T10:36:03 IST" duration-ms="595343">
      <class name="Testcases.Tc_08_Menu_Brand_Select">
        <test-method is-config="true" signature="startup()[pri:0, instance:Testcases.Tc_08_Menu_Brand_Select@6f10d5b6]" started-at="2024-01-10T10:32:49 IST" name="startup" finished-at="2024-01-10T10:32:51 IST" duration-ms="2409" status="PASS">
          <reporter-output>
          </reporter-output>
        </test-method> <!-- startup -->
        <test-method signature="AddItemShopByBrandMenu()[pri:9, instance:Testcases.Tc_08_Menu_Brand_Select@6f10d5b6]" started-at="2024-01-10T10:32:51 IST" name="AddItemShopByBrandMenu" finished-at="2024-01-10T10:33:27 IST" duration-ms="35875" status="PASS">
          <reporter-output>
          </reporter-output>
        </test-method> <!-- AddItemShopByBrandMenu -->
        <test-method is-config="true" signature="close()[pri:0, instance:Testcases.Tc_08_Menu_Brand_Select@6f10d5b6]" started-at="2024-01-10T10:33:27 IST" name="close" finished-at="2024-01-10T10:33:28 IST" duration-ms="408" status="PASS">
          <reporter-output>
          </reporter-output>
        </test-method> <!-- close -->
      </class> <!-- Testcases.Tc_08_Menu_Brand_Select -->
      <class name="Testcases.Tc_02_Verify_LinkBroken">
        <test-method is-config="true" signature="startup()[pri:0, instance:Testcases.Tc_02_Verify_LinkBroken@302c971f]" started-at="2024-01-10T10:28:02 IST" name="startup" finished-at="2024-01-10T10:28:04 IST" duration-ms="2395" status="PASS">
          <reporter-output>
          </reporter-output>
        </test-method> <!-- startup -->
        <test-method signature="ValidateUrlIsNotBroken()[pri:2, instance:Testcases.Tc_02_Verify_LinkBroken@302c971f]" started-at="2024-01-10T10:28:04 IST" name="ValidateUrlIsNotBroken" finished-at="2024-01-10T10:28:21 IST" duration-ms="17007" status="PASS">
          <reporter-output>
          </reporter-output>
        </test-method> <!-- ValidateUrlIsNotBroken -->
        <test-method is-config="true" signature="close()[pri:0, instance:Testcases.Tc_02_Verify_LinkBroken@302c971f]" started-at="2024-01-10T10:28:21 IST" name="close" finished-at="2024-01-10T10:28:22 IST" duration-ms="258" status="PASS">
          <reporter-output>
          </reporter-output>
        </test-method> <!-- close -->
      </class> <!-- Testcases.Tc_02_Verify_LinkBroken -->
      <class name="Testcases.Tc_05_Homepage">
        <test-method is-config="true" signature="setup()[pri:0, instance:Testcases.Tc_05_Homepage@35841320]" started-at="2024-01-10T10:26:08 IST" name="setup" finished-at="2024-01-10T10:26:08 IST" duration-ms="0" status="PASS">
          <reporter-output>
          </reporter-output>
        </test-method> <!-- setup -->
        <test-method is-config="true" signature="startup()[pri:0, instance:Testcases.Tc_05_Homepage@35841320]" started-at="2024-01-10T10:30:00 IST" name="startup" finished-at="2024-01-10T10:30:03 IST" duration-ms="2361" status="PASS">
          <reporter-output>
          </reporter-output>
        </test-method> <!-- startup -->
        <test-method signature="CheckTitleOfAllMenu(java.lang.String,java.lang.String)[pri:5, instance:Testcases.Tc_05_Homepage@35841320]" started-at="2024-01-10T10:30:03 IST" name="CheckTitleOfAllMenu" data-provider="Testdata" finished-at="2024-01-10T10:30:18 IST" duration-ms="14746" status="PASS">
          <params>
            <param index="0">
              <value>
                <![CDATA[Top Deals]]>
              </value>
            </param>
            <param index="1">
              <value>
                <![CDATA[Top Deals and Featured Offers on Electronics - Best Buy]]>
              </value>
            </param>
          </params>
          <reporter-output>
          </reporter-output>
        </test-method> <!-- CheckTitleOfAllMenu -->
        <test-method is-config="true" signature="close()[pri:0, instance:Testcases.Tc_05_Homepage@35841320]" started-at="2024-01-10T10:30:18 IST" name="close" finished-at="2024-01-10T10:30:18 IST" duration-ms="251" status="PASS">
          <reporter-output>
          </reporter-output>
        </test-method> <!-- close -->
        <test-method is-config="true" signature="startup()[pri:0, instance:Testcases.Tc_05_Homepage@35841320]" started-at="2024-01-10T10:30:18 IST" name="startup" finished-at="2024-01-10T10:30:20 IST" duration-ms="2153" status="PASS">
          <reporter-output>
          </reporter-output>
        </test-method> <!-- startup -->
        <test-method signature="CheckTitleOfAllMenu(java.lang.String,java.lang.String)[pri:5, instance:Testcases.Tc_05_Homepage@35841320]" started-at="2024-01-10T10:30:20 IST" name="CheckTitleOfAllMenu" data-provider="Testdata" finished-at="2024-01-10T10:30:33 IST" duration-ms="12839" status="PASS">
          <params>
            <param index="0">
              <value>
                <![CDATA[Deal of the Day]]>
              </value>
            </param>
            <param index="1">
              <value>
                <![CDATA[Deal of the Day: Electronics Deals - Best Buy]]>
              </value>
            </param>
          </params>
          <reporter-output>
          </reporter-output>
        </test-method> <!-- CheckTitleOfAllMenu -->
        <test-method is-config="true" signature="close()[pri:0, instance:Testcases.Tc_05_Homepage@35841320]" started-at="2024-01-10T10:30:33 IST" name="close" finished-at="2024-01-10T10:30:34 IST" duration-ms="257" status="PASS">
          <reporter-output>
          </reporter-output>
        </test-method> <!-- close -->
        <test-method is-config="true" signature="startup()[pri:0, instance:Testcases.Tc_05_Homepage@35841320]" started-at="2024-01-10T10:30:34 IST" name="startup" finished-at="2024-01-10T10:30:37 IST" duration-ms="3004" status="PASS">
          <reporter-output>
          </reporter-output>
        </test-method> <!-- startup -->
        <test-method signature="CheckTitleOfAllMenu(java.lang.String,java.lang.String)[pri:5, instance:Testcases.Tc_05_Homepage@35841320]" started-at="2024-01-10T10:30:37 IST" name="CheckTitleOfAllMenu" data-provider="Testdata" finished-at="2024-01-10T10:30:59 IST" duration-ms="22149" status="PASS">
          <params>
            <param index="0">
              <value>
                <![CDATA[My Best Buy Memberships]]>
              </value>
            </param>
            <param index="1">
              <value>
                <![CDATA[My Best Buy Memberships]]>
              </value>
            </param>
          </params>
          <reporter-output>
          </reporter-output>
        </test-method> <!-- CheckTitleOfAllMenu -->
        <test-method is-config="true" signature="close()[pri:0, instance:Testcases.Tc_05_Homepage@35841320]" started-at="2024-01-10T10:30:59 IST" name="close" finished-at="2024-01-10T10:30:59 IST" duration-ms="291" status="PASS">
          <reporter-output>
          </reporter-output>
        </test-method> <!-- close -->
        <test-method is-config="true" signature="startup()[pri:0, instance:Testcases.Tc_05_Homepage@35841320]" started-at="2024-01-10T10:30:59 IST" name="startup" finished-at="2024-01-10T10:31:02 IST" duration-ms="2550" status="PASS">
          <reporter-output>
          </reporter-output>
        </test-method> <!-- startup -->
        <test-method signature="CheckTitleOfAllMenu(java.lang.String,java.lang.String)[pri:5, instance:Testcases.Tc_05_Homepage@35841320]" started-at="2024-01-10T10:31:02 IST" name="CheckTitleOfAllMenu" data-provider="Testdata" finished-at="2024-01-10T10:31:16 IST" duration-ms="13851" status="PASS">
          <params>
            <param index="0">
              <value>
                <![CDATA[Credit Cards]]>
              </value>
            </param>
            <param index="1">
              <value>
                <![CDATA[Best Buy Credit Card: Rewards & Financing]]>
              </value>
            </param>
          </params>
          <reporter-output>
          </reporter-output>
        </test-method> <!-- CheckTitleOfAllMenu -->
        <test-method is-config="true" signature="close()[pri:0, instance:Testcases.Tc_05_Homepage@35841320]" started-at="2024-01-10T10:31:16 IST" name="close" finished-at="2024-01-10T10:31:16 IST" duration-ms="305" status="PASS">
          <reporter-output>
          </reporter-output>
        </test-method> <!-- close -->
        <test-method is-config="true" signature="startup()[pri:0, instance:Testcases.Tc_05_Homepage@35841320]" started-at="2024-01-10T10:31:16 IST" name="startup" finished-at="2024-01-10T10:31:19 IST" duration-ms="2561" status="PASS">
          <reporter-output>
          </reporter-output>
        </test-method> <!-- startup -->
        <test-method signature="CheckTitleOfAllMenu(java.lang.String,java.lang.String)[pri:5, instance:Testcases.Tc_05_Homepage@35841320]" started-at="2024-01-10T10:31:19 IST" name="CheckTitleOfAllMenu" data-provider="Testdata" finished-at="2024-01-10T10:31:29 IST" duration-ms="10137" status="PASS">
          <params>
            <param index="0">
              <value>
                <![CDATA[Gift Cards]]>
              </value>
            </param>
            <param index="1">
              <value>
                <![CDATA[Gifts Cards and E-Gift Cards - Best Buy]]>
              </value>
            </param>
          </params>
          <reporter-output>
          </reporter-output>
        </test-method> <!-- CheckTitleOfAllMenu -->
        <test-method is-config="true" signature="close()[pri:0, instance:Testcases.Tc_05_Homepage@35841320]" started-at="2024-01-10T10:31:29 IST" name="close" finished-at="2024-01-10T10:31:29 IST" duration-ms="277" status="PASS">
          <reporter-output>
          </reporter-output>
        </test-method> <!-- close -->
        <test-method is-config="true" signature="startup()[pri:0, instance:Testcases.Tc_05_Homepage@35841320]" started-at="2024-01-10T10:31:29 IST" name="startup" finished-at="2024-01-10T10:31:32 IST" duration-ms="2385" status="PASS">
          <reporter-output>
          </reporter-output>
        </test-method> <!-- startup -->
        <test-method signature="CheckTitleOfAllMenu(java.lang.String,java.lang.String)[pri:5, instance:Testcases.Tc_05_Homepage@35841320]" started-at="2024-01-10T10:31:32 IST" name="CheckTitleOfAllMenu" data-provider="Testdata" finished-at="2024-01-10T10:31:49 IST" duration-ms="16874" status="PASS">
          <params>
            <param index="0">
              <value>
                <![CDATA[Gift Ideas]]>
              </value>
            </param>
            <param index="1">
              <value>
                <![CDATA[Gift Ideas 2023: Best Gifts to Give This Year - Best Buy]]>
              </value>
            </param>
          </params>
          <reporter-output>
          </reporter-output>
        </test-method> <!-- CheckTitleOfAllMenu -->
        <test-method is-config="true" signature="close()[pri:0, instance:Testcases.Tc_05_Homepage@35841320]" started-at="2024-01-10T10:31:49 IST" name="close" finished-at="2024-01-10T10:31:49 IST" duration-ms="318" status="PASS">
          <reporter-output>
          </reporter-output>
        </test-method> <!-- close -->
        <test-method is-config="true" signature="startup()[pri:0, instance:Testcases.Tc_05_Homepage@35841320]" started-at="2024-01-10T10:31:49 IST" name="startup" finished-at="2024-01-10T10:31:51 IST" duration-ms="2189" status="PASS">
          <reporter-output>
          </reporter-output>
        </test-method> <!-- startup -->
        <test-method signature="CheckTitleOfAllMenu(java.lang.String,java.lang.String)[pri:5, instance:Testcases.Tc_05_Homepage@35841320]" started-at="2024-01-10T10:31:51 IST" name="CheckTitleOfAllMenu" data-provider="Testdata" finished-at="2024-01-10T10:31:59 IST" duration-ms="7358" status="PASS">
          <params>
            <param index="0">
              <value>
                <![CDATA[Yardbird]]>
              </value>
            </param>
            <param index="1">
              <value>
                <![CDATA[Beautiful Outdoor Living For All]]>
              </value>
            </param>
          </params>
          <reporter-output>
          </reporter-output>
        </test-method> <!-- CheckTitleOfAllMenu -->
        <test-method is-config="true" signature="close()[pri:0, instance:Testcases.Tc_05_Homepage@35841320]" started-at="2024-01-10T10:31:59 IST" name="close" finished-at="2024-01-10T10:31:59 IST" duration-ms="220" status="PASS">
          <reporter-output>
          </reporter-output>
        </test-method> <!-- close -->
        <test-method is-config="true" signature="startup()[pri:0, instance:Testcases.Tc_05_Homepage@35841320]" started-at="2024-01-10T10:31:59 IST" name="startup" finished-at="2024-01-10T10:32:02 IST" duration-ms="2461" status="PASS">
          <reporter-output>
          </reporter-output>
        </test-method> <!-- startup -->
        <test-method signature="CheckTitleOfAllMenu(java.lang.String,java.lang.String)[pri:5, instance:Testcases.Tc_05_Homepage@35841320]" started-at="2024-01-10T10:32:02 IST" name="CheckTitleOfAllMenu" data-provider="Testdata" finished-at="2024-01-10T10:32:12 IST" duration-ms="10137" status="PASS">
          <params>
            <param index="0">
              <value>
                <![CDATA[Best Buy Outlet]]>
              </value>
            </param>
            <param index="1">
              <value>
                <![CDATA[Best Buy Outlet: Clearance Electronics Outlet Store – Best Buy]]>
              </value>
            </param>
          </params>
          <reporter-output>
          </reporter-output>
        </test-method> <!-- CheckTitleOfAllMenu -->
        <test-method is-config="true" signature="close()[pri:0, instance:Testcases.Tc_05_Homepage@35841320]" started-at="2024-01-10T10:32:12 IST" name="close" finished-at="2024-01-10T10:32:12 IST" duration-ms="275" status="PASS">
          <reporter-output>
          </reporter-output>
        </test-method> <!-- close -->
        <test-method is-config="true" signature="startup()[pri:0, instance:Testcases.Tc_05_Homepage@35841320]" started-at="2024-01-10T10:32:12 IST" name="startup" finished-at="2024-01-10T10:32:15 IST" duration-ms="2431" status="PASS">
          <reporter-output>
          </reporter-output>
        </test-method> <!-- startup -->
        <test-method signature="CheckTitleOfAllMenu(java.lang.String,java.lang.String)[pri:5, instance:Testcases.Tc_05_Homepage@35841320]" started-at="2024-01-10T10:32:15 IST" name="CheckTitleOfAllMenu" data-provider="Testdata" finished-at="2024-01-10T10:32:26 IST" duration-ms="11133" status="PASS">
          <params>
            <param index="0">
              <value>
                <![CDATA[Best Buy Business]]>
              </value>
            </param>
            <param index="1">
              <value>
                <![CDATA[Best Buy for Business - Best Buy]]>
              </value>
            </param>
          </params>
          <reporter-output>
          </reporter-output>
        </test-method> <!-- CheckTitleOfAllMenu -->
        <test-method is-config="true" signature="close()[pri:0, instance:Testcases.Tc_05_Homepage@35841320]" started-at="2024-01-10T10:32:26 IST" name="close" finished-at="2024-01-10T10:32:27 IST" duration-ms="298" status="PASS">
          <reporter-output>
          </reporter-output>
        </test-method> <!-- close -->
        <test-method is-config="true" signature="startup()[pri:0, instance:Testcases.Tc_05_Homepage@35841320]" started-at="2024-01-10T10:32:27 IST" name="startup" finished-at="2024-01-10T10:32:29 IST" duration-ms="2305" status="PASS">
          <reporter-output>
          </reporter-output>
        </test-method> <!-- startup -->
        <test-method signature="validate_BottomLink_HomePage()[pri:6, instance:Testcases.Tc_05_Homepage@35841320]" started-at="2024-01-10T10:32:29 IST" name="validate_BottomLink_HomePage" finished-at="2024-01-10T10:32:39 IST" duration-ms="9831" status="PASS">
          <reporter-output>
          </reporter-output>
        </test-method> <!-- validate_BottomLink_HomePage -->
        <test-method is-config="true" signature="close()[pri:0, instance:Testcases.Tc_05_Homepage@35841320]" started-at="2024-01-10T10:32:39 IST" name="close" finished-at="2024-01-10T10:32:39 IST" duration-ms="289" status="PASS">
          <reporter-output>
          </reporter-output>
        </test-method> <!-- close -->
      </class> <!-- Testcases.Tc_05_Homepage -->
      <class name="Testcases.Tc_09_Checkout_fillingpage">
        <test-method is-config="true" signature="startup()[pri:0, instance:Testcases.Tc_09_Checkout_fillingpage@1972e513]" started-at="2024-01-10T10:28:22 IST" name="startup" finished-at="2024-01-10T10:28:26 IST" duration-ms="4381" status="PASS">
          <reporter-output>
          </reporter-output>
        </test-method> <!-- startup -->
        <test-method signature="CheckOutPageFillingas_using_guest()[pri:10, instance:Testcases.Tc_09_Checkout_fillingpage@1972e513]" started-at="2024-01-10T10:28:26 IST" name="CheckOutPageFillingas_using_guest" finished-at="2024-01-10T10:29:20 IST" duration-ms="54213" status="PASS">
          <reporter-output>
          </reporter-output>
        </test-method> <!-- CheckOutPageFillingas_using_guest -->
        <test-method is-config="true" signature="close()[pri:0, instance:Testcases.Tc_09_Checkout_fillingpage@1972e513]" started-at="2024-01-10T10:29:21 IST" name="close" finished-at="2024-01-10T10:29:21 IST" duration-ms="448" status="PASS">
          <reporter-output>
          </reporter-output>
        </test-method> <!-- close -->
      </class> <!-- Testcases.Tc_09_Checkout_fillingpage -->
      <class name="Testcases.Tc_01_Navigatetowebpage">
        <test-method is-config="true" signature="startup()[pri:0, instance:Testcases.Tc_01_Navigatetowebpage@61c4eee0]" started-at="2024-01-10T10:32:39 IST" name="startup" finished-at="2024-01-10T10:32:42 IST" duration-ms="2347" status="PASS">
          <reporter-output>
          </reporter-output>
        </test-method> <!-- startup -->
        <test-method signature="NavigatingToBestBestApp()[pri:1, instance:Testcases.Tc_01_Navigatetowebpage@61c4eee0]" started-at="2024-01-10T10:32:42 IST" name="NavigatingToBestBestApp" finished-at="2024-01-10T10:32:48 IST" duration-ms="6677" status="PASS">
          <reporter-output>
          </reporter-output>
        </test-method> <!-- NavigatingToBestBestApp -->
        <test-method is-config="true" signature="close()[pri:0, instance:Testcases.Tc_01_Navigatetowebpage@61c4eee0]" started-at="2024-01-10T10:32:49 IST" name="close" finished-at="2024-01-10T10:32:49 IST" duration-ms="224" status="PASS">
          <reporter-output>
          </reporter-output>
        </test-method> <!-- close -->
      </class> <!-- Testcases.Tc_01_Navigatetowebpage -->
      <class name="Testcases.Tc_06_Search_additem">
        <test-method is-config="true" signature="startup()[pri:0, instance:Testcases.Tc_06_Search_additem@7ae0a9ec]" started-at="2024-01-10T10:29:21 IST" name="startup" finished-at="2024-01-10T10:29:23 IST" duration-ms="2492" status="PASS">
          <reporter-output>
          </reporter-output>
        </test-method> <!-- startup -->
        <test-method signature="SearchAddItemInCart()[pri:7, instance:Testcases.Tc_06_Search_additem@7ae0a9ec]" started-at="2024-01-10T10:29:23 IST" name="SearchAddItemInCart" finished-at="2024-01-10T10:30:00 IST" duration-ms="36221" status="PASS">
          <reporter-output>
          </reporter-output>
        </test-method> <!-- SearchAddItemInCart -->
        <test-method is-config="true" signature="close()[pri:0, instance:Testcases.Tc_06_Search_additem@7ae0a9ec]" started-at="2024-01-10T10:30:00 IST" name="close" finished-at="2024-01-10T10:30:00 IST" duration-ms="428" status="PASS">
          <reporter-output>
          </reporter-output>
        </test-method> <!-- close -->
      </class> <!-- Testcases.Tc_06_Search_additem -->
      <class name="Testcases.Tc_07_Menu_shop_by_Dept">
        <test-method is-config="true" signature="startup()[pri:0, instance:Testcases.Tc_07_Menu_shop_by_Dept@305ffe9e]" started-at="2024-01-10T10:27:28 IST" name="startup" finished-at="2024-01-10T10:27:30 IST" duration-ms="2387" status="PASS">
          <reporter-output>
          </reporter-output>
        </test-method> <!-- startup -->
        <test-method signature="SelAddItemShopByDeptMenu()[pri:8, instance:Testcases.Tc_07_Menu_shop_by_Dept@305ffe9e]" started-at="2024-01-10T10:27:30 IST" name="SelAddItemShopByDeptMenu" finished-at="2024-01-10T10:28:01 IST" duration-ms="30424" status="PASS">
          <reporter-output>
          </reporter-output>
        </test-method> <!-- SelAddItemShopByDeptMenu -->
        <test-method is-config="true" signature="close()[pri:0, instance:Testcases.Tc_07_Menu_shop_by_Dept@305ffe9e]" started-at="2024-01-10T10:28:01 IST" name="close" finished-at="2024-01-10T10:28:02 IST" duration-ms="443" status="PASS">
          <reporter-output>
          </reporter-output>
        </test-method> <!-- close -->
      </class> <!-- Testcases.Tc_07_Menu_shop_by_Dept -->
      <class name="Testcases.Tc_04_Siginpage">
        <test-method is-config="true" signature="setup()[pri:0, instance:Testcases.Tc_04_Siginpage@609e8838]" started-at="2024-01-10T10:26:08 IST" name="setup" finished-at="2024-01-10T10:26:08 IST" duration-ms="0" status="PASS">
          <reporter-output>
          </reporter-output>
        </test-method> <!-- setup -->
        <test-method is-config="true" signature="startup()[pri:0, instance:Testcases.Tc_04_Siginpage@609e8838]" started-at="2024-01-10T10:26:09 IST" name="startup" finished-at="2024-01-10T10:26:12 IST" duration-ms="3736" status="PASS">
          <reporter-output>
          </reporter-output>
        </test-method> <!-- startup -->
        <test-method signature="SignIn(java.lang.String,java.lang.String)[pri:4, instance:Testcases.Tc_04_Siginpage@609e8838]" started-at="2024-01-10T10:26:12 IST" name="SignIn" data-provider="Testdata" finished-at="2024-01-10T10:26:29 IST" duration-ms="16224" status="PASS">
          <params>
            <param index="0">
              <value>
                <![CDATA[dummytesting@gmail.com]]>
              </value>
            </param>
            <param index="1">
              <value>
                <![CDATA[Testing]]>
              </value>
            </param>
          </params>
          <reporter-output>
          </reporter-output>
        </test-method> <!-- SignIn -->
        <test-method is-config="true" signature="close()[pri:0, instance:Testcases.Tc_04_Siginpage@609e8838]" started-at="2024-01-10T10:26:29 IST" name="close" finished-at="2024-01-10T10:26:29 IST" duration-ms="296" status="PASS">
          <reporter-output>
          </reporter-output>
        </test-method> <!-- close -->
        <test-method is-config="true" signature="startup()[pri:0, instance:Testcases.Tc_04_Siginpage@609e8838]" started-at="2024-01-10T10:26:29 IST" name="startup" finished-at="2024-01-10T10:26:31 IST" duration-ms="2218" status="PASS">
          <reporter-output>
          </reporter-output>
        </test-method> <!-- startup -->
        <test-method signature="SignIn(java.lang.String,java.lang.String)[pri:4, instance:Testcases.Tc_04_Siginpage@609e8838]" started-at="2024-01-10T10:26:31 IST" name="SignIn" data-provider="Testdata" finished-at="2024-01-10T10:26:49 IST" duration-ms="17622" status="PASS">
          <params>
            <param index="0">
              <value>
                <![CDATA[dummytesting23541@gmail.com]]>
              </value>
            </param>
            <param index="1">
              <value>
                <![CDATA[`]]>
              </value>
            </param>
          </params>
          <reporter-output>
          </reporter-output>
        </test-method> <!-- SignIn -->
        <test-method is-config="true" signature="close()[pri:0, instance:Testcases.Tc_04_Siginpage@609e8838]" started-at="2024-01-10T10:26:49 IST" name="close" finished-at="2024-01-10T10:26:49 IST" duration-ms="302" status="PASS">
          <reporter-output>
          </reporter-output>
        </test-method> <!-- close -->
        <test-method is-config="true" signature="startup()[pri:0, instance:Testcases.Tc_04_Siginpage@609e8838]" started-at="2024-01-10T10:26:49 IST" name="startup" finished-at="2024-01-10T10:26:52 IST" duration-ms="2378" status="PASS">
          <reporter-output>
          </reporter-output>
        </test-method> <!-- startup -->
        <test-method signature="SignIn(java.lang.String,java.lang.String)[pri:4, instance:Testcases.Tc_04_Siginpage@609e8838]" started-at="2024-01-10T10:26:52 IST" name="SignIn" data-provider="Testdata" finished-at="2024-01-10T10:27:08 IST" duration-ms="16265" status="PASS">
          <params>
            <param index="0">
              <value>
                <![CDATA[`]]>
              </value>
            </param>
            <param index="1">
              <value>
                <![CDATA[Testing@1234567890#]]>
              </value>
            </param>
          </params>
          <reporter-output>
          </reporter-output>
        </test-method> <!-- SignIn -->
        <test-method is-config="true" signature="close()[pri:0, instance:Testcases.Tc_04_Siginpage@609e8838]" started-at="2024-01-10T10:27:08 IST" name="close" finished-at="2024-01-10T10:27:09 IST" duration-ms="291" status="PASS">
          <reporter-output>
          </reporter-output>
        </test-method> <!-- close -->
        <test-method is-config="true" signature="startup()[pri:0, instance:Testcases.Tc_04_Siginpage@609e8838]" started-at="2024-01-10T10:27:09 IST" name="startup" finished-at="2024-01-10T10:27:11 IST" duration-ms="2281" status="PASS">
          <reporter-output>
          </reporter-output>
        </test-method> <!-- startup -->
        <test-method signature="SignIn(java.lang.String,java.lang.String)[pri:4, instance:Testcases.Tc_04_Siginpage@609e8838]" started-at="2024-01-10T10:27:11 IST" name="SignIn" data-provider="Testdata" finished-at="2024-01-10T10:27:28 IST" duration-ms="16821" status="PASS">
          <params>
            <param index="0">
              <value>
                <![CDATA[dummytesting23541@gmail.com]]>
              </value>
            </param>
            <param index="1">
              <value>
                <![CDATA[Testing@1234567890#]]>
              </value>
            </param>
          </params>
          <reporter-output>
          </reporter-output>
        </test-method> <!-- SignIn -->
        <test-method is-config="true" signature="close()[pri:0, instance:Testcases.Tc_04_Siginpage@609e8838]" started-at="2024-01-10T10:27:28 IST" name="close" finished-at="2024-01-10T10:27:28 IST" duration-ms="271" status="PASS">
          <reporter-output>
          </reporter-output>
        </test-method> <!-- close -->
      </class> <!-- Testcases.Tc_04_Siginpage -->
      <class name="Testcases.Tc_03_CreateaccountpageTest">
        <test-method is-config="true" signature="setup()[pri:0, instance:Testcases.Tc_03_CreateaccountpageTest@1040be71]" started-at="2024-01-10T10:26:08 IST" name="setup" finished-at="2024-01-10T10:26:08 IST" duration-ms="13" status="PASS">
          <reporter-output>
          </reporter-output>
        </test-method> <!-- setup -->
        <test-method is-config="true" signature="startup()[pri:0, instance:Testcases.Tc_03_CreateaccountpageTest@1040be71]" started-at="2024-01-10T10:33:28 IST" name="startup" finished-at="2024-01-10T10:33:30 IST" duration-ms="2344" status="PASS">
          <reporter-output>
          </reporter-output>
        </test-method> <!-- startup -->
        <test-method signature="ValidateCreatAccountFunctionality(java.lang.String,java.lang.String,java.lang.String,java.lang.String,java.lang.String,java.lang.String)[pri:3, instance:Testcases.Tc_03_CreateaccountpageTest@1040be71]" started-at="2024-01-10T10:33:30 IST" name="ValidateCreatAccountFunctionality" data-provider="Testdata" finished-at="2024-01-10T10:33:51 IST" duration-ms="20337" status="PASS">
          <params>
            <param index="0">
              <value>
                <![CDATA[Testing]]>
              </value>
            </param>
            <param index="1">
              <value>
                <![CDATA[`]]>
              </value>
            </param>
            <param index="2">
              <value>
                <![CDATA[dummytesting23541@gmail.com]]>
              </value>
            </param>
            <param index="3">
              <value>
                <![CDATA[Testing@1234567890#]]>
              </value>
            </param>
            <param index="4">
              <value>
                <![CDATA[Testing@1234567890#]]>
              </value>
            </param>
            <param index="5">
              <value>
                <![CDATA[8965847854]]>
              </value>
            </param>
          </params>
          <reporter-output>
          </reporter-output>
        </test-method> <!-- ValidateCreatAccountFunctionality -->
        <test-method is-config="true" signature="close()[pri:0, instance:Testcases.Tc_03_CreateaccountpageTest@1040be71]" started-at="2024-01-10T10:33:51 IST" name="close" finished-at="2024-01-10T10:33:51 IST" duration-ms="401" status="PASS">
          <reporter-output>
          </reporter-output>
        </test-method> <!-- close -->
        <test-method is-config="true" signature="startup()[pri:0, instance:Testcases.Tc_03_CreateaccountpageTest@1040be71]" started-at="2024-01-10T10:33:51 IST" name="startup" finished-at="2024-01-10T10:33:53 IST" duration-ms="2324" status="PASS">
          <reporter-output>
          </reporter-output>
        </test-method> <!-- startup -->
        <test-method signature="ValidateCreatAccountFunctionality(java.lang.String,java.lang.String,java.lang.String,java.lang.String,java.lang.String,java.lang.String)[pri:3, instance:Testcases.Tc_03_CreateaccountpageTest@1040be71]" started-at="2024-01-10T10:33:53 IST" name="ValidateCreatAccountFunctionality" data-provider="Testdata" finished-at="2024-01-10T10:34:16 IST" duration-ms="22363" status="PASS">
          <params>
            <param index="0">
              <value>
                <![CDATA[`]]>
              </value>
            </param>
            <param index="1">
              <value>
                <![CDATA[test]]>
              </value>
            </param>
            <param index="2">
              <value>
                <![CDATA[dummytesting23541@gmail.com]]>
              </value>
            </param>
            <param index="3">
              <value>
                <![CDATA[Testing@1234567890#]]>
              </value>
            </param>
            <param index="4">
              <value>
                <![CDATA[Testing@1234567890#]]>
              </value>
            </param>
            <param index="5">
              <value>
                <![CDATA[8965847854]]>
              </value>
            </param>
          </params>
          <reporter-output>
          </reporter-output>
        </test-method> <!-- ValidateCreatAccountFunctionality -->
        <test-method is-config="true" signature="close()[pri:0, instance:Testcases.Tc_03_CreateaccountpageTest@1040be71]" started-at="2024-01-10T10:34:16 IST" name="close" finished-at="2024-01-10T10:34:16 IST" duration-ms="320" status="PASS">
          <reporter-output>
          </reporter-output>
        </test-method> <!-- close -->
        <test-method is-config="true" signature="startup()[pri:0, instance:Testcases.Tc_03_CreateaccountpageTest@1040be71]" started-at="2024-01-10T10:34:16 IST" name="startup" finished-at="2024-01-10T10:34:18 IST" duration-ms="2104" status="PASS">
          <reporter-output>
          </reporter-output>
        </test-method> <!-- startup -->
        <test-method signature="ValidateCreatAccountFunctionality(java.lang.String,java.lang.String,java.lang.String,java.lang.String,java.lang.String,java.lang.String)[pri:3, instance:Testcases.Tc_03_CreateaccountpageTest@1040be71]" started-at="2024-01-10T10:34:18 IST" name="ValidateCreatAccountFunctionality" data-provider="Testdata" finished-at="2024-01-10T10:34:41 IST" duration-ms="22342" status="PASS">
          <params>
            <param index="0">
              <value>
                <![CDATA[Testing]]>
              </value>
            </param>
            <param index="1">
              <value>
                <![CDATA[test]]>
              </value>
            </param>
            <param index="2">
              <value>
                <![CDATA[dummytesting23541.com]]>
              </value>
            </param>
            <param index="3">
              <value>
                <![CDATA[Testing@1234567890#]]>
              </value>
            </param>
            <param index="4">
              <value>
                <![CDATA[Testing@1234567890#]]>
              </value>
            </param>
            <param index="5">
              <value>
                <![CDATA[8965847854]]>
              </value>
            </param>
          </params>
          <reporter-output>
          </reporter-output>
        </test-method> <!-- ValidateCreatAccountFunctionality -->
        <test-method is-config="true" signature="close()[pri:0, instance:Testcases.Tc_03_CreateaccountpageTest@1040be71]" started-at="2024-01-10T10:34:41 IST" name="close" finished-at="2024-01-10T10:34:41 IST" duration-ms="248" status="PASS">
          <reporter-output>
          </reporter-output>
        </test-method> <!-- close -->
        <test-method is-config="true" signature="startup()[pri:0, instance:Testcases.Tc_03_CreateaccountpageTest@1040be71]" started-at="2024-01-10T10:34:41 IST" name="startup" finished-at="2024-01-10T10:34:43 IST" duration-ms="2234" status="PASS">
          <reporter-output>
          </reporter-output>
        </test-method> <!-- startup -->
        <test-method signature="ValidateCreatAccountFunctionality(java.lang.String,java.lang.String,java.lang.String,java.lang.String,java.lang.String,java.lang.String)[pri:3, instance:Testcases.Tc_03_CreateaccountpageTest@1040be71]" started-at="2024-01-10T10:34:43 IST" name="ValidateCreatAccountFunctionality" data-provider="Testdata" finished-at="2024-01-10T10:35:01 IST" duration-ms="17945" status="PASS">
          <params>
            <param index="0">
              <value>
                <![CDATA[Testing]]>
              </value>
            </param>
            <param index="1">
              <value>
                <![CDATA[test]]>
              </value>
            </param>
            <param index="2">
              <value>
                <![CDATA[dummytesting23541@gmail.com]]>
              </value>
            </param>
            <param index="3">
              <value>
                <![CDATA[Testing@1234567890#]]>
              </value>
            </param>
            <param index="4">
              <value>
                <![CDATA[`]]>
              </value>
            </param>
            <param index="5">
              <value>
                <![CDATA[8965847854]]>
              </value>
            </param>
          </params>
          <reporter-output>
          </reporter-output>
        </test-method> <!-- ValidateCreatAccountFunctionality -->
        <test-method is-config="true" signature="close()[pri:0, instance:Testcases.Tc_03_CreateaccountpageTest@1040be71]" started-at="2024-01-10T10:35:01 IST" name="close" finished-at="2024-01-10T10:35:02 IST" duration-ms="226" status="PASS">
          <reporter-output>
          </reporter-output>
        </test-method> <!-- close -->
        <test-method is-config="true" signature="startup()[pri:0, instance:Testcases.Tc_03_CreateaccountpageTest@1040be71]" started-at="2024-01-10T10:35:02 IST" name="startup" finished-at="2024-01-10T10:35:04 IST" duration-ms="2268" status="PASS">
          <reporter-output>
          </reporter-output>
        </test-method> <!-- startup -->
        <test-method signature="ValidateCreatAccountFunctionality(java.lang.String,java.lang.String,java.lang.String,java.lang.String,java.lang.String,java.lang.String)[pri:3, instance:Testcases.Tc_03_CreateaccountpageTest@1040be71]" started-at="2024-01-10T10:35:04 IST" name="ValidateCreatAccountFunctionality" data-provider="Testdata" finished-at="2024-01-10T10:35:22 IST" duration-ms="18011" status="PASS">
          <params>
            <param index="0">
              <value>
                <![CDATA[Testing]]>
              </value>
            </param>
            <param index="1">
              <value>
                <![CDATA[test]]>
              </value>
            </param>
            <param index="2">
              <value>
                <![CDATA[dummytesting23541@gmail.com]]>
              </value>
            </param>
            <param index="3">
              <value>
                <![CDATA[`]]>
              </value>
            </param>
            <param index="4">
              <value>
                <![CDATA[Testing@1234567890#]]>
              </value>
            </param>
            <param index="5">
              <value>
                <![CDATA[8965847854]]>
              </value>
            </param>
          </params>
          <reporter-output>
          </reporter-output>
        </test-method> <!-- ValidateCreatAccountFunctionality -->
        <test-method is-config="true" signature="close()[pri:0, instance:Testcases.Tc_03_CreateaccountpageTest@1040be71]" started-at="2024-01-10T10:35:22 IST" name="close" finished-at="2024-01-10T10:35:22 IST" duration-ms="226" status="PASS">
          <reporter-output>
          </reporter-output>
        </test-method> <!-- close -->
        <test-method is-config="true" signature="startup()[pri:0, instance:Testcases.Tc_03_CreateaccountpageTest@1040be71]" started-at="2024-01-10T10:35:22 IST" name="startup" finished-at="2024-01-10T10:35:25 IST" duration-ms="2438" status="PASS">
          <reporter-output>
          </reporter-output>
        </test-method> <!-- startup -->
        <test-method signature="ValidateCreatAccountFunctionality(java.lang.String,java.lang.String,java.lang.String,java.lang.String,java.lang.String,java.lang.String)[pri:3, instance:Testcases.Tc_03_CreateaccountpageTest@1040be71]" started-at="2024-01-10T10:35:25 IST" name="ValidateCreatAccountFunctionality" data-provider="Testdata" finished-at="2024-01-10T10:35:43 IST" duration-ms="18103" status="PASS">
          <params>
            <param index="0">
              <value>
                <![CDATA[Testing]]>
              </value>
            </param>
            <param index="1">
              <value>
                <![CDATA[test]]>
              </value>
            </param>
            <param index="2">
              <value>
                <![CDATA[dummytesting23541@gmail.com]]>
              </value>
            </param>
            <param index="3">
              <value>
                <![CDATA[Testing@1234567890#]]>
              </value>
            </param>
            <param index="4">
              <value>
                <![CDATA[Testing@1234567890#]]>
              </value>
            </param>
            <param index="5">
              <value>
                <![CDATA[`]]>
              </value>
            </param>
          </params>
          <reporter-output>
          </reporter-output>
        </test-method> <!-- ValidateCreatAccountFunctionality -->
        <test-method is-config="true" signature="close()[pri:0, instance:Testcases.Tc_03_CreateaccountpageTest@1040be71]" started-at="2024-01-10T10:35:43 IST" name="close" finished-at="2024-01-10T10:35:43 IST" duration-ms="329" status="PASS">
          <reporter-output>
          </reporter-output>
        </test-method> <!-- close -->
        <test-method is-config="true" signature="startup()[pri:0, instance:Testcases.Tc_03_CreateaccountpageTest@1040be71]" started-at="2024-01-10T10:35:43 IST" name="startup" finished-at="2024-01-10T10:35:45 IST" duration-ms="2015" status="PASS">
          <reporter-output>
          </reporter-output>
        </test-method> <!-- startup -->
        <test-method signature="ValidateCreatAccountFunctionality(java.lang.String,java.lang.String,java.lang.String,java.lang.String,java.lang.String,java.lang.String)[pri:3, instance:Testcases.Tc_03_CreateaccountpageTest@1040be71]" started-at="2024-01-10T10:35:45 IST" name="ValidateCreatAccountFunctionality" data-provider="Testdata" finished-at="2024-01-10T10:36:03 IST" duration-ms="17382" status="PASS">
          <params>
            <param index="0">
              <value>
                <![CDATA[Testing]]>
              </value>
            </param>
            <param index="1">
              <value>
                <![CDATA[test]]>
              </value>
            </param>
            <param index="2">
              <value>
                <![CDATA[dummytesting23541@gmail.com]]>
              </value>
            </param>
            <param index="3">
              <value>
                <![CDATA[Testing@1234567890#]]>
              </value>
            </param>
            <param index="4">
              <value>
                <![CDATA[Testing@1234567890#]]>
              </value>
            </param>
            <param index="5">
              <value>
                <![CDATA[8965847854]]>
              </value>
            </param>
          </params>
          <reporter-output>
          </reporter-output>
        </test-method> <!-- ValidateCreatAccountFunctionality -->
        <test-method is-config="true" signature="close()[pri:0, instance:Testcases.Tc_03_CreateaccountpageTest@1040be71]" started-at="2024-01-10T10:36:03 IST" name="close" finished-at="2024-01-10T10:36:03 IST" duration-ms="198" status="PASS">
          <reporter-output>
          </reporter-output>
        </test-method> <!-- close -->
      </class> <!-- Testcases.Tc_03_CreateaccountpageTest -->
    </test> <!-- Test -->
  </suite> <!-- Suite -->
</testng-results>
