<?xml version="1.0" encoding="UTF-8"?>
<testng-results ignored="0" total="1" passed="1" failed="0" skipped="0">
  <reporter-output>
  </reporter-output>
  <suite started-at="2024-01-09T23:51:03 IST" name="Default suite" finished-at="2024-01-09T23:51:41 IST" duration-ms="38547">
    <groups>
    </groups>
    <test started-at="2024-01-09T23:51:03 IST" name="Default test" finished-at="2024-01-09T23:51:41 IST" duration-ms="38547">
      <class name="Testcases.Tc_08_Menu_Brand_Select">
        <test-method is-config="true" signature="startup()[pri:0, instance:Testcases.Tc_08_Menu_Brand_Select@67d48005]" started-at="2024-01-09T23:51:03 IST" name="startup" finished-at="2024-01-09T23:51:07 IST" duration-ms="4598" status="PASS">
          <reporter-output>
          </reporter-output>
        </test-method> <!-- startup -->
        <test-method signature="AddItemShopByBrandMenu()[pri:9, instance:Testcases.Tc_08_Menu_Brand_Select@67d48005]" started-at="2024-01-09T23:51:07 IST" name="AddItemShopByBrandMenu" finished-at="2024-01-09T23:51:41 IST" duration-ms="33671" status="PASS">
          <reporter-output>
          </reporter-output>
        </test-method> <!-- AddItemShopByBrandMenu -->
        <test-method is-config="true" signature="close()[pri:0, instance:Testcases.Tc_08_Menu_Brand_Select@67d48005]" started-at="2024-01-09T23:51:41 IST" name="close" finished-at="2024-01-09T23:51:41 IST" duration-ms="249" status="PASS">
          <reporter-output>
          </reporter-output>
        </test-method> <!-- close -->
      </class> <!-- Testcases.Tc_08_Menu_Brand_Select -->
    </test> <!-- Default test -->
  </suite> <!-- Default suite -->
</testng-results>
